<?xml version="1.0" encoding="utf-8"?>
<CoverageSession xmlns:xsd="http://www.w3.org/2001/XMLSchema" xmlns:xsi="http://www.w3.org/2001/XMLSchema-instance" Version="0.0.0.0">
  <Summary numSequencePoints="0" visitedSequencePoints="0" numBranchPoints="0" visitedBranchPoints="0" sequenceCoverage="0" branchCoverage="0" maxCyclomaticComplexity="0" minCyclomaticComplexity="0" maxCrapScore="0" minCrapScore="0" visitedClasses="0" numClasses="0" visitedMethods="0" numMethods="0" />
  <Modules>
    <Module>
      <Summary numSequencePoints="0" visitedSequencePoints="0" numBranchPoints="0" visitedBranchPoints="0" sequenceCoverage="0" branchCoverage="0" maxCyclomaticComplexity="0" minCyclomaticComplexity="0" maxCrapScore="0" minCrapScore="0" visitedClasses="0" numClasses="0" visitedMethods="0" numMethods="0" />
      <ModuleTime>0001-01-01T00:00:00</ModuleTime>
      <ModuleName>Unity.ShaderGraph.Editor.GraphicsTests</ModuleName>
      <Files>
        <File uid="1" fullPath="/Users/zacharyd/Documents/GitHub/ScriptableRenderPipeline2/TestProjects/ShaderGraph/Assets/CommonAssets/Editor/MaterialCreator.cs" />
        <File uid="2" fullPath="/Users/zacharyd/Documents/GitHub/ScriptableRenderPipeline2/TestProjects/ShaderGraph/Assets/CommonAssets/Editor/Setup/SetupGraphicsTestCases.cs" />
        <File uid="3" fullPath="/Users/zacharyd/Documents/GitHub/ScriptableRenderPipeline2/TestProjects/ShaderGraph/Assets/CommonAssets/Editor/Setup/SetupProject.cs" />
        <File uid="4" fullPath="/Users/zacharyd/Documents/GitHub/ScriptableRenderPipeline2/TestProjects/ShaderGraph/Assets/CommonAssets/Editor/ShaderGraphParser.cs" />
        <File uid="5" fullPath="/Users/zacharyd/Documents/GitHub/ScriptableRenderPipeline2/TestProjects/ShaderGraph/Assets/CommonAssets/Editor/EdgeTypeConversionTests.cs" />
        <File uid="6" fullPath="/Users/zacharyd/Documents/GitHub/ScriptableRenderPipeline2/TestProjects/ShaderGraph/Assets/CommonAssets/Editor/KeywordTests.cs" />
        <File uid="7" fullPath="/Users/zacharyd/Documents/GitHub/ScriptableRenderPipeline2/TestProjects/ShaderGraph/Assets/CommonAssets/Editor/PrecisionTests.cs" />
      </Files>
      <Classes>
        <Class>
          <Summary numSequencePoints="0" visitedSequencePoints="0" numBranchPoints="0" visitedBranchPoints="0" sequenceCoverage="0" branchCoverage="0" maxCyclomaticComplexity="0" minCyclomaticComplexity="0" maxCrapScore="0" minCrapScore="0" visitedClasses="0" numClasses="0" visitedMethods="0" numMethods="0" />
          <FullName>MaterialCreator</FullName>
          <Methods>
            <Method visited="false" cyclomaticComplexity="0" nPathComplexity="0" sequenceCoverage="0.0" branchCoverage="0" crapScore="0" isConstructor="false" isStatic="true" isGetter="false" isSetter="false">
              <Summary numSequencePoints="0" visitedSequencePoints="0" numBranchPoints="0" visitedBranchPoints="0" sequenceCoverage="0.0" branchCoverage="0" maxCyclomaticComplexity="0" minCyclomaticComplexity="0" maxCrapScore="0" minCrapScore="0" visitedClasses="0" numClasses="0" visitedMethods="0" numMethods="0" />
              <MetadataToken>100663297</MetadataToken>
              <Name>static System.Void MaterialCreator::CreateMaterials()</Name>
              <FileRef uid="1" />
              <SequencePoints>
                <SequencePoint vc="0" uspid="1" ordinal="0" offset="0" sl="12" sc="0" el="12" ec="0" bec="0" bev="0" fileid="1" />
                <SequencePoint vc="0" uspid="2" ordinal="0" offset="46" sl="14" sc="0" el="14" ec="0" bec="0" bev="0" fileid="1" />
                <SequencePoint vc="0" uspid="3" ordinal="0" offset="54" sl="14" sc="0" el="14" ec="0" bec="0" bev="0" fileid="1" />
                <SequencePoint vc="0" uspid="4" ordinal="0" offset="61" sl="16" sc="0" el="16" ec="0" bec="0" bev="0" fileid="1" />
                <SequencePoint vc="0" uspid="5" ordinal="0" offset="67" sl="17" sc="0" el="17" ec="0" bec="0" bev="0" fileid="1" />
                <SequencePoint vc="0" uspid="6" ordinal="0" offset="74" sl="18" sc="0" el="18" ec="0" bec="0" bev="0" fileid="1" />
                <SequencePoint vc="0" uspid="7" ordinal="0" offset="93" sl="19" sc="0" el="19" ec="0" bec="0" bev="0" fileid="1" />
                <SequencePoint vc="0" uspid="8" ordinal="0" offset="112" sl="20" sc="0" el="20" ec="0" bec="0" bev="0" fileid="1" />
                <SequencePoint vc="0" uspid="9" ordinal="0" offset="154" sl="21" sc="0" el="21" ec="0" bec="0" bev="0" fileid="1" />
                <SequencePoint vc="0" uspid="10" ordinal="0" offset="160" sl="14" sc="0" el="14" ec="0" bec="0" bev="0" fileid="1" />
                <SequencePoint vc="0" uspid="11" ordinal="0" offset="180" sl="24" sc="0" el="24" ec="0" bec="0" bev="0" fileid="1" />
                <SequencePoint vc="0" uspid="12" ordinal="0" offset="185" sl="25" sc="0" el="25" ec="0" bec="0" bev="0" fileid="1" />
              </SequencePoints>
              <BranchPoints />
            </Method>
            <Method visited="false" cyclomaticComplexity="0" nPathComplexity="0" sequenceCoverage="0.0" branchCoverage="0" crapScore="0" isConstructor="false" isStatic="true" isGetter="false" isSetter="false">
              <Summary numSequencePoints="0" visitedSequencePoints="0" numBranchPoints="0" visitedBranchPoints="0" sequenceCoverage="0.0" branchCoverage="0" maxCyclomaticComplexity="0" minCyclomaticComplexity="0" maxCrapScore="0" minCrapScore="0" visitedClasses="0" numClasses="0" visitedMethods="0" numMethods="0" />
              <MetadataToken>100663298</MetadataToken>
              <Name>static System.Void MaterialCreator::KillUnderscores()</Name>
              <FileRef uid="1" />
              <SequencePoints>
                <SequencePoint vc="0" uspid="13" ordinal="0" offset="0" sl="30" sc="0" el="30" ec="0" bec="0" bev="0" fileid="1" />
                <SequencePoint vc="0" uspid="14" ordinal="0" offset="5" sl="31" sc="0" el="31" ec="0" bec="0" bev="0" fileid="1" />
                <SequencePoint vc="0" uspid="15" ordinal="0" offset="10" sl="31" sc="0" el="31" ec="0" bec="0" bev="0" fileid="1" />
                <SequencePoint vc="0" uspid="16" ordinal="0" offset="13" sl="33" sc="0" el="33" ec="0" bec="0" bev="0" fileid="1" />
                <SequencePoint vc="0" uspid="17" ordinal="0" offset="43" sl="31" sc="0" el="31" ec="0" bec="0" bev="0" fileid="1" />
                <SequencePoint vc="0" uspid="18" ordinal="0" offset="49" sl="35" sc="0" el="35" ec="0" bec="0" bev="0" fileid="1" />
              </SequencePoints>
              <BranchPoints />
            </Method>
            <Method visited="false" cyclomaticComplexity="0" nPathComplexity="0" sequenceCoverage="0.0" branchCoverage="0" crapScore="0" isConstructor="false" isStatic="true" isGetter="false" isSetter="false">
              <Summary numSequencePoints="0" visitedSequencePoints="0" numBranchPoints="0" visitedBranchPoints="0" sequenceCoverage="0.0" branchCoverage="0" maxCyclomaticComplexity="0" minCyclomaticComplexity="0" maxCrapScore="0" minCrapScore="0" visitedClasses="0" numClasses="0" visitedMethods="0" numMethods="0" />
              <MetadataToken>100663299</MetadataToken>
              <Name>static System.Void MaterialCreator::PlaceMaterialsInScene()</Name>
              <FileRef uid="1" />
              <SequencePoints>
                <SequencePoint vc="0" uspid="19" ordinal="0" offset="0" sl="40" sc="0" el="40" ec="0" bec="0" bev="0" fileid="1" />
                <SequencePoint vc="0" uspid="20" ordinal="0" offset="15" sl="42" sc="0" el="42" ec="0" bec="0" bev="0" fileid="1" />
                <SequencePoint vc="0" uspid="21" ordinal="0" offset="56" sl="44" sc="0" el="44" ec="0" bec="0" bev="0" fileid="1" />
                <SequencePoint vc="0" uspid="22" ordinal="0" offset="62" sl="46" sc="0" el="46" ec="0" bec="0" bev="0" fileid="1" />
                <SequencePoint vc="0" uspid="23" ordinal="0" offset="108" sl="48" sc="0" el="48" ec="0" bec="0" bev="0" fileid="1" />
                <SequencePoint vc="0" uspid="24" ordinal="0" offset="119" sl="50" sc="0" el="50" ec="0" bec="0" bev="0" fileid="1" />
                <SequencePoint vc="0" uspid="25" ordinal="0" offset="147" sl="51" sc="0" el="51" ec="0" bec="0" bev="0" fileid="1" />
                <SequencePoint vc="0" uspid="26" ordinal="0" offset="163" sl="52" sc="0" el="52" ec="0" bec="0" bev="0" fileid="1" />
                <SequencePoint vc="0" uspid="27" ordinal="0" offset="179" sl="53" sc="0" el="53" ec="0" bec="0" bev="0" fileid="1" />
                <SequencePoint vc="0" uspid="28" ordinal="0" offset="195" sl="55" sc="0" el="55" ec="0" bec="0" bev="0" fileid="1" />
                <SequencePoint vc="0" uspid="29" ordinal="0" offset="201" sl="56" sc="0" el="56" ec="0" bec="0" bev="0" fileid="1" />
                <SequencePoint vc="0" uspid="30" ordinal="0" offset="207" sl="57" sc="0" el="57" ec="0" bec="0" bev="0" fileid="1" />
                <SequencePoint vc="0" uspid="31" ordinal="0" offset="214" sl="58" sc="0" el="58" ec="0" bec="0" bev="0" fileid="1" />
                <SequencePoint vc="0" uspid="32" ordinal="0" offset="216" sl="59" sc="0" el="59" ec="0" bec="0" bev="0" fileid="1" />
                <SequencePoint vc="0" uspid="33" ordinal="0" offset="219" sl="61" sc="0" el="61" ec="0" bec="0" bev="0" fileid="1" />
                <SequencePoint vc="0" uspid="34" ordinal="0" offset="231" sl="61" sc="0" el="61" ec="0" bec="0" bev="0" fileid="1" />
                <SequencePoint vc="0" uspid="35" ordinal="0" offset="240" sl="63" sc="0" el="63" ec="0" bec="0" bev="0" fileid="1" />
                <SequencePoint vc="0" uspid="36" ordinal="0" offset="253" sl="65" sc="0" el="65" ec="0" bec="0" bev="0" fileid="1" />
                <SequencePoint vc="0" uspid="37" ordinal="0" offset="262" sl="66" sc="0" el="66" ec="0" bec="0" bev="0" fileid="1" />
                <SequencePoint vc="0" uspid="38" ordinal="0" offset="288" sl="67" sc="0" el="67" ec="0" bec="0" bev="0" fileid="1" />
                <SequencePoint vc="0" uspid="39" ordinal="0" offset="329" sl="68" sc="0" el="68" ec="0" bec="0" bev="0" fileid="1" />
                <SequencePoint vc="0" uspid="40" ordinal="0" offset="335" sl="69" sc="0" el="69" ec="0" bec="0" bev="0" fileid="1" />
                <SequencePoint vc="0" uspid="41" ordinal="0" offset="343" sl="70" sc="0" el="70" ec="0" bec="0" bev="0" fileid="1" />
                <SequencePoint vc="0" uspid="42" ordinal="0" offset="369" sl="71" sc="0" el="71" ec="0" bec="0" bev="0" fileid="1" />
                <SequencePoint vc="0" uspid="43" ordinal="0" offset="382" sl="72" sc="0" el="72" ec="0" bec="0" bev="0" fileid="1" />
                <SequencePoint vc="0" uspid="44" ordinal="0" offset="399" sl="74" sc="0" el="74" ec="0" bec="0" bev="0" fileid="1" />
                <SequencePoint vc="0" uspid="45" ordinal="0" offset="403" sl="76" sc="0" el="76" ec="0" bec="0" bev="0" fileid="1" />
                <SequencePoint vc="0" uspid="46" ordinal="0" offset="407" sl="78" sc="0" el="78" ec="0" bec="0" bev="0" fileid="1" />
                <SequencePoint vc="0" uspid="47" ordinal="0" offset="409" sl="79" sc="0" el="79" ec="0" bec="0" bev="0" fileid="1" />
                <SequencePoint vc="0" uspid="48" ordinal="0" offset="415" sl="61" sc="0" el="61" ec="0" bec="0" bev="0" fileid="1" />
                <SequencePoint vc="0" uspid="49" ordinal="0" offset="441" sl="83" sc="0" el="83" ec="0" bec="0" bev="0" fileid="1" />
              </SequencePoints>
              <BranchPoints />
            </Method>
          </Methods>
        </Class>
        <Class>
          <Summary numSequencePoints="0" visitedSequencePoints="0" numBranchPoints="0" visitedBranchPoints="0" sequenceCoverage="0" branchCoverage="0" maxCyclomaticComplexity="0" minCyclomaticComplexity="0" maxCrapScore="0" minCrapScore="0" visitedClasses="0" numClasses="0" visitedMethods="0" numMethods="0" />
          <FullName>SetupGraphicsTestCases</FullName>
          <Methods>
            <Method visited="false" cyclomaticComplexity="0" nPathComplexity="0" sequenceCoverage="0.0" branchCoverage="0" crapScore="0" isConstructor="false" isStatic="false" isGetter="false" isSetter="false">
              <Summary numSequencePoints="0" visitedSequencePoints="0" numBranchPoints="0" visitedBranchPoints="0" sequenceCoverage="0.0" branchCoverage="0" maxCyclomaticComplexity="0" minCyclomaticComplexity="0" maxCrapScore="0" minCrapScore="0" visitedClasses="0" numClasses="0" visitedMethods="0" numMethods="0" />
              <MetadataToken>100663301</MetadataToken>
              <Name>System.Void SetupGraphicsTestCases::Setup()</Name>
              <FileRef uid="2" />
              <SequencePoints>
                <SequencePoint vc="0" uspid="50" ordinal="0" offset="0" sl="10" sc="0" el="10" ec="0" bec="0" bev="0" fileid="2" />
                <SequencePoint vc="0" uspid="51" ordinal="0" offset="10" sl="11" sc="0" el="11" ec="0" bec="0" bev="0" fileid="2" />
              </SequencePoints>
              <BranchPoints />
            </Method>
          </Methods>
        </Class>
        <Class>
          <Summary numSequencePoints="0" visitedSequencePoints="0" numBranchPoints="0" visitedBranchPoints="0" sequenceCoverage="0" branchCoverage="0" maxCyclomaticComplexity="0" minCyclomaticComplexity="0" maxCrapScore="0" minCrapScore="0" visitedClasses="0" numClasses="0" visitedMethods="0" numMethods="0" />
          <FullName>SetupProject</FullName>
          <Methods>
            <Method visited="false" cyclomaticComplexity="0" nPathComplexity="0" sequenceCoverage="0.0" branchCoverage="0" crapScore="0" isConstructor="false" isStatic="true" isGetter="false" isSetter="false">
              <Summary numSequencePoints="0" visitedSequencePoints="0" numBranchPoints="0" visitedBranchPoints="0" sequenceCoverage="0.0" branchCoverage="0" maxCyclomaticComplexity="0" minCyclomaticComplexity="0" maxCrapScore="0" minCrapScore="0" visitedClasses="0" numClasses="0" visitedMethods="0" numMethods="0" />
              <MetadataToken>100663303</MetadataToken>
              <Name>static System.Void SetupProject::ApplySettings()</Name>
              <FileRef uid="3" />
              <SequencePoints>
                <SequencePoint vc="0" uspid="52" ordinal="0" offset="0" sl="11" sc="0" el="11" ec="0" bec="0" bev="0" fileid="3" />
                <SequencePoint vc="0" uspid="53" ordinal="0" offset="258" sl="21" sc="0" el="21" ec="0" bec="0" bev="0" fileid="3" />
                <SequencePoint vc="0" uspid="54" ordinal="0" offset="263" sl="22" sc="0" el="22" ec="0" bec="0" bev="0" fileid="3" />
                <SequencePoint vc="0" uspid="55" ordinal="0" offset="268" sl="22" sc="0" el="22" ec="0" bec="0" bev="0" fileid="3" />
                <SequencePoint vc="0" uspid="56" ordinal="0" offset="272" sl="25" sc="0" el="25" ec="0" bec="0" bev="0" fileid="3" />
                <SequencePoint vc="0" uspid="57" ordinal="0" offset="283" sl="26" sc="0" el="26" ec="0" bec="0" bev="0" fileid="3" />
                <SequencePoint vc="0" uspid="58" ordinal="0" offset="294" sl="22" sc="0" el="22" ec="0" bec="0" bev="0" fileid="3" />
                <SequencePoint vc="0" uspid="59" ordinal="0" offset="300" sl="28" sc="0" el="28" ec="0" bec="0" bev="0" fileid="3" />
              </SequencePoints>
              <BranchPoints />
            </Method>
            <Method visited="false" cyclomaticComplexity="0" nPathComplexity="0" sequenceCoverage="0.0" branchCoverage="0" crapScore="0" isConstructor="false" isStatic="true" isGetter="false" isSetter="false">
              <Summary numSequencePoints="0" visitedSequencePoints="0" numBranchPoints="0" visitedBranchPoints="0" sequenceCoverage="0.0" branchCoverage="0" maxCyclomaticComplexity="0" minCyclomaticComplexity="0" maxCrapScore="0" minCrapScore="0" visitedClasses="0" numClasses="0" visitedMethods="0" numMethods="0" />
              <MetadataToken>100663304</MetadataToken>
              <Name>static System.Void SetupProject::SetGraphicsAPI(UnityEngine.Rendering.GraphicsDeviceType)</Name>
              <FileRef uid="3" />
              <SequencePoints>
                <SequencePoint vc="0" uspid="60" ordinal="0" offset="0" sl="32" sc="0" el="32" ec="0" bec="0" bev="0" fileid="3" />
                <SequencePoint vc="0" uspid="61" ordinal="0" offset="5" sl="33" sc="0" el="33" ec="0" bec="0" bev="0" fileid="3" />
                <SequencePoint vc="0" uspid="62" ordinal="0" offset="20" sl="34" sc="0" el="34" ec="0" bec="0" bev="0" fileid="3" />
              </SequencePoints>
              <BranchPoints />
            </Method>
          </Methods>
        </Class>
        <Class>
          <Summary numSequencePoints="0" visitedSequencePoints="0" numBranchPoints="0" visitedBranchPoints="0" sequenceCoverage="0" branchCoverage="0" maxCyclomaticComplexity="0" minCyclomaticComplexity="0" maxCrapScore="0" minCrapScore="0" visitedClasses="0" numClasses="0" visitedMethods="0" numMethods="0" />
          <FullName>ShaderGraphParser</FullName>
          <Methods>
            <Method visited="false" cyclomaticComplexity="0" nPathComplexity="0" sequenceCoverage="0.0" branchCoverage="0" crapScore="0" isConstructor="false" isStatic="true" isGetter="false" isSetter="false">
              <Summary numSequencePoints="0" visitedSequencePoints="0" numBranchPoints="0" visitedBranchPoints="0" sequenceCoverage="0.0" branchCoverage="0" maxCyclomaticComplexity="0" minCyclomaticComplexity="0" maxCrapScore="0" minCrapScore="0" visitedClasses="0" numClasses="0" visitedMethods="0" numMethods="0" />
              <MetadataToken>100663305</MetadataToken>
              <Name>static System.Void ShaderGraphParser::CountNoudes()</Name>
              <FileRef uid="4" />
              <SequencePoints>
                <SequencePoint vc="0" uspid="63" ordinal="0" offset="0" sl="25" sc="0" el="25" ec="0" bec="0" bev="0" fileid="4" />
                <SequencePoint vc="0" uspid="64" ordinal="0" offset="7" sl="26" sc="0" el="26" ec="0" bec="0" bev="0" fileid="4" />
              </SequencePoints>
              <BranchPoints />
            </Method>
            <Method visited="false" cyclomaticComplexity="0" nPathComplexity="0" sequenceCoverage="0.0" branchCoverage="0" crapScore="0" isConstructor="false" isStatic="true" isGetter="false" isSetter="false">
              <Summary numSequencePoints="0" visitedSequencePoints="0" numBranchPoints="0" visitedBranchPoints="0" sequenceCoverage="0.0" branchCoverage="0" maxCyclomaticComplexity="0" minCyclomaticComplexity="0" maxCrapScore="0" minCrapScore="0" visitedClasses="0" numClasses="0" visitedMethods="0" numMethods="0" />
              <MetadataToken>100663306</MetadataToken>
              <Name>static System.Void ShaderGraphParser::CountNoudesListMissing()</Name>
              <FileRef uid="4" />
              <SequencePoints>
                <SequencePoint vc="0" uspid="65" ordinal="0" offset="0" sl="31" sc="0" el="31" ec="0" bec="0" bev="0" fileid="4" />
                <SequencePoint vc="0" uspid="66" ordinal="0" offset="7" sl="32" sc="0" el="32" ec="0" bec="0" bev="0" fileid="4" />
              </SequencePoints>
              <BranchPoints />
            </Method>
            <Method visited="false" cyclomaticComplexity="0" nPathComplexity="0" sequenceCoverage="0.0" branchCoverage="0" crapScore="0" isConstructor="false" isStatic="true" isGetter="false" isSetter="false">
              <Summary numSequencePoints="0" visitedSequencePoints="0" numBranchPoints="0" visitedBranchPoints="0" sequenceCoverage="0.0" branchCoverage="0" maxCyclomaticComplexity="0" minCyclomaticComplexity="0" maxCrapScore="0" minCrapScore="0" visitedClasses="0" numClasses="0" visitedMethods="0" numMethods="0" />
              <MetadataToken>100663307</MetadataToken>
              <Name>static System.Void ShaderGraphParser::CountNoudesListAll()</Name>
              <FileRef uid="4" />
              <SequencePoints>
                <SequencePoint vc="0" uspid="67" ordinal="0" offset="0" sl="37" sc="0" el="37" ec="0" bec="0" bev="0" fileid="4" />
                <SequencePoint vc="0" uspid="68" ordinal="0" offset="7" sl="38" sc="0" el="38" ec="0" bec="0" bev="0" fileid="4" />
              </SequencePoints>
              <BranchPoints />
            </Method>
            <Method visited="false" cyclomaticComplexity="0" nPathComplexity="0" sequenceCoverage="0.0" branchCoverage="0" crapScore="0" isConstructor="false" isStatic="true" isGetter="false" isSetter="false">
              <Summary numSequencePoints="0" visitedSequencePoints="0" numBranchPoints="0" visitedBranchPoints="0" sequenceCoverage="0.0" branchCoverage="0" maxCyclomaticComplexity="0" minCyclomaticComplexity="0" maxCrapScore="0" minCrapScore="0" visitedClasses="0" numClasses="0" visitedMethods="0" numMethods="0" />
              <MetadataToken>100663308</MetadataToken>
              <Name>static System.Void ShaderGraphParser::CountNodes(System.Boolean, System.Boolean)</Name>
              <FileRef uid="4" />
              <SequencePoints>
                <SequencePoint vc="0" uspid="69" ordinal="0" offset="0" sl="43" sc="0" el="43" ec="0" bec="0" bev="0" fileid="4" />
                <SequencePoint vc="0" uspid="70" ordinal="0" offset="15" sl="44" sc="0" el="44" ec="0" bec="0" bev="0" fileid="4" />
                <SequencePoint vc="0" uspid="71" ordinal="0" offset="28" sl="45" sc="0" el="45" ec="0" bec="0" bev="0" fileid="4" />
                <SequencePoint vc="0" uspid="72" ordinal="0" offset="40" sl="47" sc="0" el="47" ec="0" bec="0" bev="0" fileid="4" />
                <SequencePoint vc="0" uspid="73" ordinal="0" offset="46" sl="49" sc="0" el="49" ec="0" bec="0" bev="0" fileid="4" />
                <SequencePoint vc="0" uspid="74" ordinal="0" offset="52" sl="49" sc="0" el="49" ec="0" bec="0" bev="0" fileid="4" />
                <SequencePoint vc="0" uspid="75" ordinal="0" offset="75" sl="51" sc="0" el="51" ec="0" bec="0" bev="0" fileid="4" />
                <SequencePoint vc="0" uspid="76" ordinal="0" offset="83" sl="51" sc="0" el="51" ec="0" bec="0" bev="0" fileid="4" />
                <SequencePoint vc="0" uspid="77" ordinal="0" offset="88" sl="53" sc="0" el="53" ec="0" bec="0" bev="0" fileid="4" />
                <SequencePoint vc="0" uspid="78" ordinal="0" offset="101" sl="51" sc="0" el="51" ec="0" bec="0" bev="0" fileid="4" />
                <SequencePoint vc="0" uspid="79" ordinal="0" offset="109" sl="55" sc="0" el="55" ec="0" bec="0" bev="0" fileid="4" />
                <SequencePoint vc="0" uspid="80" ordinal="0" offset="117" sl="55" sc="0" el="55" ec="0" bec="0" bev="0" fileid="4" />
                <SequencePoint vc="0" uspid="81" ordinal="0" offset="122" sl="57" sc="0" el="57" ec="0" bec="0" bev="0" fileid="4" />
                <SequencePoint vc="0" uspid="82" ordinal="0" offset="135" sl="55" sc="0" el="55" ec="0" bec="0" bev="0" fileid="4" />
                <SequencePoint vc="0" uspid="83" ordinal="0" offset="143" sl="61" sc="0" el="61" ec="0" bec="0" bev="0" fileid="4" />
                <SequencePoint vc="0" uspid="84" ordinal="0" offset="149" sl="62" sc="0" el="62" ec="0" bec="0" bev="0" fileid="4" />
                <SequencePoint vc="0" uspid="85" ordinal="0" offset="186" sl="73" sc="0" el="73" ec="0" bec="0" bev="0" fileid="4" />
                <SequencePoint vc="0" uspid="86" ordinal="0" offset="192" sl="74" sc="0" el="74" ec="0" bec="0" bev="0" fileid="4" />
                <SequencePoint vc="0" uspid="87" ordinal="0" offset="199" sl="76" sc="0" el="76" ec="0" bec="0" bev="0" fileid="4" />
                <SequencePoint vc="0" uspid="88" ordinal="0" offset="208" sl="76" sc="0" el="76" ec="0" bec="0" bev="0" fileid="4" />
                <SequencePoint vc="0" uspid="89" ordinal="0" offset="217" sl="78" sc="0" el="78" ec="0" bec="0" bev="0" fileid="4" />
                <SequencePoint vc="0" uspid="90" ordinal="0" offset="226" sl="78" sc="0" el="78" ec="0" bec="0" bev="0" fileid="4" />
                <SequencePoint vc="0" uspid="91" ordinal="0" offset="242" sl="79" sc="0" el="79" ec="0" bec="0" bev="0" fileid="4" />
                <SequencePoint vc="0" uspid="92" ordinal="0" offset="255" sl="76" sc="0" el="76" ec="0" bec="0" bev="0" fileid="4" />
                <SequencePoint vc="0" uspid="93" ordinal="0" offset="280" sl="82" sc="0" el="82" ec="0" bec="0" bev="0" fileid="4" />
                <SequencePoint vc="0" uspid="94" ordinal="0" offset="293" sl="84" sc="0" el="84" ec="0" bec="0" bev="0" fileid="4" />
                <SequencePoint vc="0" uspid="95" ordinal="0" offset="362" sl="86" sc="0" el="86" ec="0" bec="0" bev="0" fileid="4" />
                <SequencePoint vc="0" uspid="96" ordinal="0" offset="365" sl="88" sc="0" el="88" ec="0" bec="0" bev="0" fileid="4" />
                <SequencePoint vc="0" uspid="97" ordinal="0" offset="372" sl="89" sc="0" el="89" ec="0" bec="0" bev="0" fileid="4" />
                <SequencePoint vc="0" uspid="98" ordinal="0" offset="383" sl="89" sc="0" el="89" ec="0" bec="0" bev="0" fileid="4" />
                <SequencePoint vc="0" uspid="99" ordinal="0" offset="392" sl="91" sc="0" el="91" ec="0" bec="0" bev="0" fileid="4" />
                <SequencePoint vc="0" uspid="100" ordinal="0" offset="409" sl="89" sc="0" el="89" ec="0" bec="0" bev="0" fileid="4" />
                <SequencePoint vc="0" uspid="101" ordinal="0" offset="434" sl="96" sc="0" el="96" ec="0" bec="0" bev="0" fileid="4" />
                <SequencePoint vc="0" uspid="102" ordinal="0" offset="446" sl="98" sc="0" el="98" ec="0" bec="0" bev="0" fileid="4" />
                <SequencePoint vc="0" uspid="103" ordinal="0" offset="514" sl="100" sc="0" el="100" ec="0" bec="0" bev="0" fileid="4" />
                <SequencePoint vc="0" uspid="104" ordinal="0" offset="517" sl="102" sc="0" el="102" ec="0" bec="0" bev="0" fileid="4" />
                <SequencePoint vc="0" uspid="105" ordinal="0" offset="527" sl="102" sc="0" el="102" ec="0" bec="0" bev="0" fileid="4" />
                <SequencePoint vc="0" uspid="106" ordinal="0" offset="536" sl="104" sc="0" el="104" ec="0" bec="0" bev="0" fileid="4" />
                <SequencePoint vc="0" uspid="107" ordinal="0" offset="589" sl="102" sc="0" el="102" ec="0" bec="0" bev="0" fileid="4" />
                <SequencePoint vc="0" uspid="108" ordinal="0" offset="614" sl="108" sc="0" el="108" ec="0" bec="0" bev="0" fileid="4" />
              </SequencePoints>
              <BranchPoints />
            </Method>
            <Method visited="false" cyclomaticComplexity="0" nPathComplexity="0" sequenceCoverage="0.0" branchCoverage="0" crapScore="0" isConstructor="false" isStatic="true" isGetter="false" isSetter="false">
              <Summary numSequencePoints="0" visitedSequencePoints="0" numBranchPoints="0" visitedBranchPoints="0" sequenceCoverage="0.0" branchCoverage="0" maxCyclomaticComplexity="0" minCyclomaticComplexity="0" maxCrapScore="0" minCrapScore="0" visitedClasses="0" numClasses="0" visitedMethods="0" numMethods="0" />
              <MetadataToken>100663309</MetadataToken>
              <Name>static System.Collections.Generic.Dictionary[String,Int32] ShaderGraphParser::CreateNodeDictionary()</Name>
              <FileRef uid="4" />
              <SequencePoints>
                <SequencePoint vc="0" uspid="109" ordinal="0" offset="6" sl="113" sc="0" el="113" ec="0" bec="0" bev="0" fileid="4" />
                <SequencePoint vc="0" uspid="110" ordinal="0" offset="27" sl="114" sc="0" el="114" ec="0" bec="0" bev="0" fileid="4" />
                <SequencePoint vc="0" uspid="111" ordinal="0" offset="44" sl="115" sc="0" el="115" ec="0" bec="0" bev="0" fileid="4" />
                <SequencePoint vc="0" uspid="112" ordinal="0" offset="56" sl="116" sc="0" el="116" ec="0" bec="0" bev="0" fileid="4" />
                <SequencePoint vc="0" uspid="113" ordinal="0" offset="84" sl="129" sc="0" el="129" ec="0" bec="0" bev="0" fileid="4" />
                <SequencePoint vc="0" uspid="114" ordinal="0" offset="90" sl="130" sc="0" el="130" ec="0" bec="0" bev="0" fileid="4" />
                <SequencePoint vc="0" uspid="115" ordinal="0" offset="99" sl="130" sc="0" el="130" ec="0" bec="0" bev="0" fileid="4" />
                <SequencePoint vc="0" uspid="116" ordinal="0" offset="108" sl="133" sc="0" el="133" ec="0" bec="0" bev="0" fileid="4" />
                <SequencePoint vc="0" uspid="117" ordinal="0" offset="123" sl="135" sc="0" el="135" ec="0" bec="0" bev="0" fileid="4" />
                <SequencePoint vc="0" uspid="118" ordinal="0" offset="137" sl="130" sc="0" el="130" ec="0" bec="0" bev="0" fileid="4" />
                <SequencePoint vc="0" uspid="119" ordinal="0" offset="162" sl="138" sc="0" el="138" ec="0" bec="0" bev="0" fileid="4" />
              </SequencePoints>
              <BranchPoints />
            </Method>
            <Method visited="false" cyclomaticComplexity="0" nPathComplexity="0" sequenceCoverage="0.0" branchCoverage="0" crapScore="0" isConstructor="false" isStatic="true" isGetter="false" isSetter="false">
              <Summary numSequencePoints="0" visitedSequencePoints="0" numBranchPoints="0" visitedBranchPoints="0" sequenceCoverage="0.0" branchCoverage="0" maxCyclomaticComplexity="0" minCyclomaticComplexity="0" maxCrapScore="0" minCrapScore="0" visitedClasses="0" numClasses="0" visitedMethods="0" numMethods="0" />
              <MetadataToken>100663310</MetadataToken>
              <Name>static System.Void ShaderGraphParser::ReadShaderGraphFile(System.String, System.Collections.Generic.Dictionary[String,Int32], System.Boolean)</Name>
              <FileRef uid="4" />
              <SequencePoints>
                <SequencePoint vc="0" uspid="120" ordinal="0" offset="0" sl="143" sc="0" el="143" ec="0" bec="0" bev="0" fileid="4" />
                <SequencePoint vc="0" uspid="121" ordinal="0" offset="7" sl="146" sc="0" el="146" ec="0" bec="0" bev="0" fileid="4" />
                <SequencePoint vc="0" uspid="122" ordinal="0" offset="10" sl="146" sc="0" el="146" ec="0" bec="0" bev="0" fileid="4" />
                <SequencePoint vc="0" uspid="123" ordinal="0" offset="18" sl="147" sc="0" el="147" ec="0" bec="0" bev="0" fileid="4" />
                <SequencePoint vc="0" uspid="124" ordinal="0" offset="26" sl="154" sc="0" el="154" ec="0" bec="0" bev="0" fileid="4" />
                <SequencePoint vc="0" uspid="125" ordinal="0" offset="48" sl="156" sc="0" el="156" ec="0" bec="0" bev="0" fileid="4" />
                <SequencePoint vc="0" uspid="126" ordinal="0" offset="64" sl="158" sc="0" el="158" ec="0" bec="0" bev="0" fileid="4" />
                <SequencePoint vc="0" uspid="127" ordinal="0" offset="73" sl="160" sc="0" el="160" ec="0" bec="0" bev="0" fileid="4" />
                <SequencePoint vc="0" uspid="128" ordinal="0" offset="98" sl="163" sc="0" el="163" ec="0" bec="0" bev="0" fileid="4" />
                <SequencePoint vc="0" uspid="129" ordinal="0" offset="119" sl="152" sc="0" el="152" ec="0" bec="0" bev="0" fileid="4" />
                <SequencePoint vc="0" uspid="130" ordinal="0" offset="128" sl="150" sc="0" el="150" ec="0" bec="0" bev="0" fileid="4" />
                <SequencePoint vc="0" uspid="131" ordinal="0" offset="138" sl="166" sc="0" el="166" ec="0" bec="0" bev="0" fileid="4" />
              </SequencePoints>
              <BranchPoints />
            </Method>
          </Methods>
        </Class>
        <Class>
          <Summary numSequencePoints="0" visitedSequencePoints="0" numBranchPoints="0" visitedBranchPoints="0" sequenceCoverage="0" branchCoverage="0" maxCyclomaticComplexity="0" minCyclomaticComplexity="0" maxCrapScore="0" minCrapScore="0" visitedClasses="0" numClasses="0" visitedMethods="0" numMethods="0" />
          <FullName>UnityEditor.ShaderGraph.UnitTests.EdgeTypeConversionTests</FullName>
          <Methods>
            <Method visited="true" cyclomaticComplexity="0" nPathComplexity="0" sequenceCoverage="100.0" branchCoverage="0" crapScore="0" isConstructor="false" isStatic="false" isGetter="false" isSetter="false">
              <Summary numSequencePoints="0" visitedSequencePoints="0" numBranchPoints="0" visitedBranchPoints="0" sequenceCoverage="100.0" branchCoverage="0" maxCyclomaticComplexity="0" minCyclomaticComplexity="0" maxCrapScore="0" minCrapScore="0" visitedClasses="0" numClasses="0" visitedMethods="0" numMethods="0" />
              <MetadataToken>100663312</MetadataToken>
              <Name>System.Void UnityEditor.ShaderGraph.UnitTests.EdgeTypeConversionTests::LoadGraph()</Name>
              <FileRef uid="5" />
              <SequencePoints>
                <SequencePoint vc="1" uspid="132" ordinal="0" offset="0" sl="22" sc="13" el="22" ec="13" bec="0" bev="0" fileid="5" />
                <SequencePoint vc="1" uspid="133" ordinal="0" offset="6" sl="23" sc="13" el="23" ec="13" bec="0" bev="0" fileid="5" />
                <SequencePoint vc="1" uspid="134" ordinal="0" offset="26" sl="24" sc="13" el="24" ec="13" bec="0" bev="0" fileid="5" />
                <SequencePoint vc="1" uspid="135" ordinal="0" offset="57" sl="25" sc="13" el="25" ec="13" bec="0" bev="0" fileid="5" />
                <SequencePoint vc="1" uspid="136" ordinal="0" offset="79" sl="26" sc="13" el="26" ec="13" bec="0" bev="0" fileid="5" />
                <SequencePoint vc="1" uspid="137" ordinal="0" offset="115" sl="27" sc="9" el="27" ec="9" bec="0" bev="0" fileid="5" />
              </SequencePoints>
              <BranchPoints />
            </Method>
            <Method visited="true" cyclomaticComplexity="0" nPathComplexity="0" sequenceCoverage="100.0" branchCoverage="0" crapScore="0" isConstructor="false" isStatic="false" isGetter="false" isSetter="false">
              <Summary numSequencePoints="0" visitedSequencePoints="0" numBranchPoints="0" visitedBranchPoints="0" sequenceCoverage="100.0" branchCoverage="0" maxCyclomaticComplexity="0" minCyclomaticComplexity="0" maxCrapScore="0" minCrapScore="0" visitedClasses="0" numClasses="0" visitedMethods="0" numMethods="0" />
              <MetadataToken>100663313</MetadataToken>
              <Name>System.Void UnityEditor.ShaderGraph.UnitTests.EdgeTypeConversionTests::TestAllCombos()</Name>
              <FileRef uid="5" />
              <SequencePoints>
                <SequencePoint vc="1" uspid="138" ordinal="0" offset="0" sl="32" sc="34" el="32" ec="34" bec="0" bev="0" fileid="5" />
                <SequencePoint vc="14" uspid="139" ordinal="0" offset="22" sl="32" sc="22" el="32" ec="22" bec="0" bev="0" fileid="5" />
                <SequencePoint vc="14" uspid="140" ordinal="0" offset="35" sl="35" sc="17" el="35" ec="17" bec="0" bev="0" fileid="5" />
                <SequencePoint vc="14" uspid="141" ordinal="0" offset="63" sl="36" sc="17" el="36" ec="17" bec="0" bev="0" fileid="5" />
                <SequencePoint vc="14" uspid="142" ordinal="0" offset="74" sl="38" sc="17" el="38" ec="17" bec="0" bev="0" fileid="5" />
                <SequencePoint vc="14" uspid="143" ordinal="0" offset="105" sl="39" sc="17" el="39" ec="17" bec="0" bev="0" fileid="5" />
                <SequencePoint vc="14" uspid="144" ordinal="0" offset="127" sl="40" sc="17" el="40" ec="17" bec="0" bev="0" fileid="5" />
                <SequencePoint vc="14" uspid="145" ordinal="0" offset="138" sl="42" sc="45" el="42" ec="45" bec="0" bev="0" fileid="5" />
                <SequencePoint vc="238" uspid="146" ordinal="0" offset="168" sl="42" sc="26" el="42" ec="26" bec="0" bev="0" fileid="5" />
                <SequencePoint vc="238" uspid="147" ordinal="0" offset="175" sl="44" sc="21" el="44" ec="21" bec="0" bev="0" fileid="5" />
                <SequencePoint vc="238" uspid="148" ordinal="0" offset="215" sl="46" sc="21" el="46" ec="21" bec="0" bev="0" fileid="5" />
                <SequencePoint vc="238" uspid="149" ordinal="0" offset="228" sl="47" sc="21" el="47" ec="21" bec="0" bev="0" fileid="5" />
                <SequencePoint vc="238" uspid="150" ordinal="0" offset="239" sl="50" sc="45" el="50" ec="45" bec="0" bev="0" fileid="5" />
                <SequencePoint vc="238" uspid="151" ordinal="0" offset="267" sl="50" sc="30" el="50" ec="30" bec="0" bev="0" fileid="5" />
                <SequencePoint vc="238" uspid="152" ordinal="0" offset="276" sl="52" sc="25" el="52" ec="25" bec="0" bev="0" fileid="5" />
                <SequencePoint vc="195" uspid="153" ordinal="0" offset="361" sl="55" sc="29" el="55" ec="29" bec="0" bev="0" fileid="5" />
                <SequencePoint vc="195" uspid="154" ordinal="0" offset="423" sl="57" sc="25" el="57" ec="25" bec="0" bev="0" fileid="5" />
                <SequencePoint vc="43" uspid="155" ordinal="0" offset="425" sl="60" sc="29" el="60" ec="29" bec="0" bev="0" fileid="5" />
                <SequencePoint vc="476" uspid="156" ordinal="0" offset="466" sl="50" sc="42" el="50" ec="42" bec="0" bev="0" fileid="5" />
                <SequencePoint vc="238" uspid="157" ordinal="0" offset="492" sl="65" sc="21" el="65" ec="21" bec="0" bev="0" fileid="5" />
                <SequencePoint vc="252" uspid="158" ordinal="0" offset="515" sl="42" sc="42" el="42" ec="42" bec="0" bev="0" fileid="5" />
                <SequencePoint vc="14" uspid="159" ordinal="0" offset="526" sl="69" sc="17" el="69" ec="17" bec="0" bev="0" fileid="5" />
                <SequencePoint vc="15" uspid="160" ordinal="0" offset="538" sl="32" sc="31" el="32" ec="31" bec="0" bev="0" fileid="5" />
                <SequencePoint vc="1" uspid="161" ordinal="0" offset="561" sl="71" sc="9" el="71" ec="9" bec="0" bev="0" fileid="5" />
              </SequencePoints>
              <BranchPoints />
            </Method>
            <Method visited="true" cyclomaticComplexity="0" nPathComplexity="0" sequenceCoverage="100.0" branchCoverage="0" crapScore="0" isConstructor="true" isStatic="true" isGetter="false" isSetter="false">
              <Summary numSequencePoints="0" visitedSequencePoints="0" numBranchPoints="0" visitedBranchPoints="0" sequenceCoverage="100.0" branchCoverage="0" maxCyclomaticComplexity="0" minCyclomaticComplexity="0" maxCrapScore="0" minCrapScore="0" visitedClasses="0" numClasses="0" visitedMethods="0" numMethods="0" />
              <MetadataToken>100663315</MetadataToken>
              <Name>static UnityEditor.ShaderGraph.UnitTests.EdgeTypeConversionTests::EdgeTypeConversionTests()</Name>
              <FileRef uid="5" />
              <SequencePoints>
                <SequencePoint vc="1" uspid="162" ordinal="0" offset="0" sl="14" sc="9" el="14" ec="9" bec="0" bev="0" fileid="5" />
              </SequencePoints>
              <BranchPoints />
            </Method>
          </Methods>
        </Class>
        <Class>
          <Summary numSequencePoints="0" visitedSequencePoints="0" numBranchPoints="0" visitedBranchPoints="0" sequenceCoverage="0" branchCoverage="0" maxCyclomaticComplexity="0" minCyclomaticComplexity="0" maxCrapScore="0" minCrapScore="0" visitedClasses="0" numClasses="0" visitedMethods="0" numMethods="0" />
          <FullName>UnityEditor.ShaderGraph.UnitTests.KeywordTests</FullName>
          <Methods>
            <Method visited="true" cyclomaticComplexity="0" nPathComplexity="0" sequenceCoverage="100.0" branchCoverage="0" crapScore="0" isConstructor="false" isStatic="false" isGetter="false" isSetter="false">
              <Summary numSequencePoints="0" visitedSequencePoints="0" numBranchPoints="0" visitedBranchPoints="0" sequenceCoverage="100.0" branchCoverage="0" maxCyclomaticComplexity="0" minCyclomaticComplexity="0" maxCrapScore="0" minCrapScore="0" visitedClasses="0" numClasses="0" visitedMethods="0" numMethods="0" />
              <MetadataToken>100663316</MetadataToken>
              <Name>System.Void UnityEditor.ShaderGraph.UnitTests.KeywordTests::LoadGraph()</Name>
              <FileRef uid="6" />
              <SequencePoints>
                <SequencePoint vc="1" uspid="163" ordinal="0" offset="0" sl="135" sc="13" el="135" ec="13" bec="0" bev="0" fileid="6" />
                <SequencePoint vc="1" uspid="164" ordinal="0" offset="6" sl="136" sc="13" el="136" ec="13" bec="0" bev="0" fileid="6" />
                <SequencePoint vc="1" uspid="165" ordinal="0" offset="26" sl="137" sc="13" el="137" ec="13" bec="0" bev="0" fileid="6" />
                <SequencePoint vc="1" uspid="166" ordinal="0" offset="57" sl="139" sc="13" el="139" ec="13" bec="0" bev="0" fileid="6" />
                <SequencePoint vc="1" uspid="167" ordinal="0" offset="68" sl="141" sc="13" el="141" ec="13" bec="0" bev="0" fileid="6" />
                <SequencePoint vc="1" uspid="168" ordinal="0" offset="79" sl="142" sc="13" el="142" ec="13" bec="0" bev="0" fileid="6" />
                <SequencePoint vc="1" uspid="169" ordinal="0" offset="97" sl="143" sc="9" el="143" ec="9" bec="0" bev="0" fileid="6" />
              </SequencePoints>
              <BranchPoints />
            </Method>
            <Method visited="true" cyclomaticComplexity="0" nPathComplexity="0" sequenceCoverage="100.0" branchCoverage="0" crapScore="0" isConstructor="false" isStatic="false" isGetter="false" isSetter="false">
              <Summary numSequencePoints="0" visitedSequencePoints="0" numBranchPoints="0" visitedBranchPoints="0" sequenceCoverage="100.0" branchCoverage="0" maxCyclomaticComplexity="0" minCyclomaticComplexity="0" maxCrapScore="0" minCrapScore="0" visitedClasses="0" numClasses="0" visitedMethods="0" numMethods="0" />
              <MetadataToken>100663317</MetadataToken>
              <Name>System.Void UnityEditor.ShaderGraph.UnitTests.KeywordTests::CanPermuteKeywords()</Name>
              <FileRef uid="6" />
              <SequencePoints>
                <SequencePoint vc="1" uspid="170" ordinal="0" offset="0" sl="148" sc="13" el="148" ec="13" bec="0" bev="0" fileid="6" />
                <SequencePoint vc="1" uspid="171" ordinal="0" offset="2" sl="149" sc="46" el="149" ec="46" bec="0" bev="0" fileid="6" />
                <SequencePoint vc="4" uspid="172" ordinal="0" offset="21" sl="149" sc="21" el="149" ec="21" bec="0" bev="0" fileid="6" />
                <SequencePoint vc="4" uspid="173" ordinal="0" offset="29" sl="151" sc="17" el="151" ec="17" bec="0" bev="0" fileid="6" />
                <SequencePoint vc="5" uspid="174" ordinal="0" offset="55" sl="149" sc="43" el="149" ec="43" bec="0" bev="0" fileid="6" />
                <SequencePoint vc="1" uspid="175" ordinal="0" offset="80" sl="154" sc="13" el="154" ec="13" bec="0" bev="0" fileid="6" />
                <SequencePoint vc="1" uspid="176" ordinal="0" offset="122" sl="155" sc="9" el="155" ec="9" bec="0" bev="0" fileid="6" />
              </SequencePoints>
              <BranchPoints />
            </Method>
            <Method visited="true" cyclomaticComplexity="0" nPathComplexity="0" sequenceCoverage="90.9" branchCoverage="0" crapScore="0" isConstructor="false" isStatic="false" isGetter="false" isSetter="false">
              <Summary numSequencePoints="0" visitedSequencePoints="0" numBranchPoints="0" visitedBranchPoints="0" sequenceCoverage="90.9" branchCoverage="0" maxCyclomaticComplexity="0" minCyclomaticComplexity="0" maxCrapScore="0" minCrapScore="0" visitedClasses="0" numClasses="0" visitedMethods="0" numMethods="0" />
              <MetadataToken>100663318</MetadataToken>
              <Name>System.Void UnityEditor.ShaderGraph.UnitTests.KeywordTests::CanGetValidPermutations()</Name>
              <FileRef uid="6" />
              <SequencePoints>
                <SequencePoint vc="1" uspid="177" ordinal="0" offset="0" sl="160" sc="13" el="160" ec="13" bec="0" bev="0" fileid="6" />
                <SequencePoint vc="1" uspid="178" ordinal="0" offset="2" sl="161" sc="75" el="161" ec="75" bec="0" bev="0" fileid="6" />
                <SequencePoint vc="48" uspid="179" ordinal="0" offset="21" sl="161" sc="21" el="161" ec="21" bec="0" bev="0" fileid="6" />
                <SequencePoint vc="48" uspid="180" ordinal="0" offset="29" sl="163" sc="21" el="163" ec="21" bec="0" bev="0" fileid="6" />
                <SequencePoint vc="192" uspid="181" ordinal="0" offset="33" sl="165" sc="21" el="165" ec="21" bec="0" bev="0" fileid="6" />
                <SequencePoint vc="0" uspid="182" ordinal="0" offset="68" sl="167" sc="25" el="167" ec="25" bec="0" bev="0" fileid="6" />
                <SequencePoint vc="192" uspid="183" ordinal="0" offset="70" sl="163" sc="55" el="163" ec="55" bec="0" bev="0" fileid="6" />
                <SequencePoint vc="240" uspid="184" ordinal="0" offset="74" sl="163" sc="32" el="163" ec="32" bec="0" bev="0" fileid="6" />
                <SequencePoint vc="49" uspid="185" ordinal="0" offset="83" sl="161" sc="72" el="161" ec="72" bec="0" bev="0" fileid="6" />
                <SequencePoint vc="1" uspid="186" ordinal="0" offset="108" sl="172" sc="13" el="172" ec="13" bec="0" bev="0" fileid="6" />
                <SequencePoint vc="1" uspid="187" ordinal="0" offset="124" sl="173" sc="9" el="173" ec="9" bec="0" bev="0" fileid="6" />
              </SequencePoints>
              <BranchPoints />
            </Method>
            <Method visited="true" cyclomaticComplexity="0" nPathComplexity="0" sequenceCoverage="100.0" branchCoverage="0" crapScore="0" isConstructor="false" isStatic="false" isGetter="false" isSetter="false">
              <Summary numSequencePoints="0" visitedSequencePoints="0" numBranchPoints="0" visitedBranchPoints="0" sequenceCoverage="100.0" branchCoverage="0" maxCyclomaticComplexity="0" minCyclomaticComplexity="0" maxCrapScore="0" minCrapScore="0" visitedClasses="0" numClasses="0" visitedMethods="0" numMethods="0" />
              <MetadataToken>100663319</MetadataToken>
              <Name>System.Void UnityEditor.ShaderGraph.UnitTests.KeywordTests::CanGetKeywordDeclarationPreview()</Name>
              <FileRef uid="6" />
              <SequencePoints>
                <SequencePoint vc="1" uspid="188" ordinal="0" offset="0" sl="178" sc="13" el="178" ec="13" bec="0" bev="0" fileid="6" />
                <SequencePoint vc="1" uspid="189" ordinal="0" offset="6" sl="179" sc="37" el="179" ec="37" bec="0" bev="0" fileid="6" />
                <SequencePoint vc="4" uspid="190" ordinal="0" offset="25" sl="179" sc="22" el="179" ec="22" bec="0" bev="0" fileid="6" />
                <SequencePoint vc="4" uspid="191" ordinal="0" offset="32" sl="181" sc="17" el="181" ec="17" bec="0" bev="0" fileid="6" />
                <SequencePoint vc="4" uspid="192" ordinal="0" offset="38" sl="182" sc="17" el="182" ec="17" bec="0" bev="0" fileid="6" />
                <SequencePoint vc="3" uspid="193" ordinal="0" offset="46" sl="184" sc="21" el="184" ec="21" bec="0" bev="0" fileid="6" />
                <SequencePoint vc="5" uspid="194" ordinal="0" offset="53" sl="179" sc="34" el="179" ec="34" bec="0" bev="0" fileid="6" />
                <SequencePoint vc="1" uspid="195" ordinal="0" offset="78" sl="188" sc="13" el="188" ec="13" bec="0" bev="0" fileid="6" />
                <SequencePoint vc="1" uspid="196" ordinal="0" offset="104" sl="189" sc="9" el="189" ec="9" bec="0" bev="0" fileid="6" />
              </SequencePoints>
              <BranchPoints />
            </Method>
            <Method visited="true" cyclomaticComplexity="0" nPathComplexity="0" sequenceCoverage="100.0" branchCoverage="0" crapScore="0" isConstructor="false" isStatic="false" isGetter="false" isSetter="false">
              <Summary numSequencePoints="0" visitedSequencePoints="0" numBranchPoints="0" visitedBranchPoints="0" sequenceCoverage="100.0" branchCoverage="0" maxCyclomaticComplexity="0" minCyclomaticComplexity="0" maxCrapScore="0" minCrapScore="0" visitedClasses="0" numClasses="0" visitedMethods="0" numMethods="0" />
              <MetadataToken>100663320</MetadataToken>
              <Name>System.Void UnityEditor.ShaderGraph.UnitTests.KeywordTests::CanGetKeywordDeclarationForReals()</Name>
              <FileRef uid="6" />
              <SequencePoints>
                <SequencePoint vc="1" uspid="197" ordinal="0" offset="0" sl="194" sc="13" el="194" ec="13" bec="0" bev="0" fileid="6" />
                <SequencePoint vc="1" uspid="198" ordinal="0" offset="6" sl="195" sc="37" el="195" ec="37" bec="0" bev="0" fileid="6" />
                <SequencePoint vc="4" uspid="199" ordinal="0" offset="25" sl="195" sc="22" el="195" ec="22" bec="0" bev="0" fileid="6" />
                <SequencePoint vc="4" uspid="200" ordinal="0" offset="32" sl="197" sc="17" el="197" ec="17" bec="0" bev="0" fileid="6" />
                <SequencePoint vc="4" uspid="201" ordinal="0" offset="38" sl="198" sc="17" el="198" ec="17" bec="0" bev="0" fileid="6" />
                <SequencePoint vc="4" uspid="202" ordinal="0" offset="46" sl="200" sc="21" el="200" ec="21" bec="0" bev="0" fileid="6" />
                <SequencePoint vc="5" uspid="203" ordinal="0" offset="53" sl="195" sc="34" el="195" ec="34" bec="0" bev="0" fileid="6" />
                <SequencePoint vc="1" uspid="204" ordinal="0" offset="78" sl="204" sc="13" el="204" ec="13" bec="0" bev="0" fileid="6" />
                <SequencePoint vc="1" uspid="205" ordinal="0" offset="104" sl="205" sc="9" el="205" ec="9" bec="0" bev="0" fileid="6" />
              </SequencePoints>
              <BranchPoints />
            </Method>
            <Method visited="true" cyclomaticComplexity="0" nPathComplexity="0" sequenceCoverage="100.0" branchCoverage="0" crapScore="0" isConstructor="false" isStatic="false" isGetter="false" isSetter="false">
              <Summary numSequencePoints="0" visitedSequencePoints="0" numBranchPoints="0" visitedBranchPoints="0" sequenceCoverage="100.0" branchCoverage="0" maxCyclomaticComplexity="0" minCyclomaticComplexity="0" maxCrapScore="0" minCrapScore="0" visitedClasses="0" numClasses="0" visitedMethods="0" numMethods="0" />
              <MetadataToken>100663321</MetadataToken>
              <Name>System.Void UnityEditor.ShaderGraph.UnitTests.KeywordTests::CanGetPermutationDeclaration()</Name>
              <FileRef uid="6" />
              <SequencePoints>
                <SequencePoint vc="1" uspid="206" ordinal="0" offset="0" sl="210" sc="13" el="210" ec="13" bec="0" bev="0" fileid="6" />
                <SequencePoint vc="1" uspid="207" ordinal="0" offset="6" sl="211" sc="13" el="211" ec="13" bec="0" bev="0" fileid="6" />
                <SequencePoint vc="1" uspid="208" ordinal="0" offset="23" sl="213" sc="13" el="213" ec="13" bec="0" bev="0" fileid="6" />
                <SequencePoint vc="1" uspid="209" ordinal="0" offset="49" sl="214" sc="9" el="214" ec="9" bec="0" bev="0" fileid="6" />
              </SequencePoints>
              <BranchPoints />
            </Method>
            <Method visited="true" cyclomaticComplexity="0" nPathComplexity="0" sequenceCoverage="88.5" branchCoverage="0" crapScore="0" isConstructor="false" isStatic="false" isGetter="false" isSetter="false">
              <Summary numSequencePoints="0" visitedSequencePoints="0" numBranchPoints="0" visitedBranchPoints="0" sequenceCoverage="88.5" branchCoverage="0" maxCyclomaticComplexity="0" minCyclomaticComplexity="0" maxCrapScore="0" minCrapScore="0" visitedClasses="0" numClasses="0" visitedMethods="0" numMethods="0" />
              <MetadataToken>100663322</MetadataToken>
              <Name>System.Void UnityEditor.ShaderGraph.UnitTests.KeywordTests::KeywordNodesHaveCorrectPorts()</Name>
              <FileRef uid="6" />
              <SequencePoints>
                <SequencePoint vc="1" uspid="210" ordinal="0" offset="0" sl="219" sc="13" el="219" ec="13" bec="0" bev="0" fileid="6" />
                <SequencePoint vc="1" uspid="211" ordinal="0" offset="17" sl="220" sc="13" el="220" ec="13" bec="0" bev="0" fileid="6" />
                <SequencePoint vc="1" uspid="212" ordinal="0" offset="33" sl="222" sc="48" el="222" ec="48" bec="0" bev="0" fileid="6" />
                <SequencePoint vc="4" uspid="213" ordinal="0" offset="51" sl="222" sc="21" el="222" ec="21" bec="0" bev="0" fileid="6" />
                <SequencePoint vc="4" uspid="214" ordinal="0" offset="64" sl="224" sc="17" el="224" ec="17" bec="0" bev="0" fileid="6" />
                <SequencePoint vc="4" uspid="215" ordinal="0" offset="98" sl="225" sc="17" el="225" ec="17" bec="0" bev="0" fileid="6" />
                <SequencePoint vc="0" uspid="216" ordinal="0" offset="101" sl="227" sc="21" el="227" ec="21" bec="0" bev="0" fileid="6" />
                <SequencePoint vc="0" uspid="217" ordinal="0" offset="111" sl="228" sc="21" el="228" ec="21" bec="0" bev="0" fileid="6" />
                <SequencePoint vc="4" uspid="218" ordinal="0" offset="116" sl="231" sc="17" el="231" ec="17" bec="0" bev="0" fileid="6" />
                <SequencePoint vc="4" uspid="219" ordinal="0" offset="123" sl="232" sc="17" el="232" ec="17" bec="0" bev="0" fileid="6" />
                <SequencePoint vc="4" uspid="220" ordinal="0" offset="136" sl="233" sc="17" el="233" ec="17" bec="0" bev="0" fileid="6" />
                <SequencePoint vc="4" uspid="221" ordinal="0" offset="175" sl="234" sc="17" el="234" ec="17" bec="0" bev="0" fileid="6" />
                <SequencePoint vc="4" uspid="222" ordinal="0" offset="191" sl="236" sc="17" el="236" ec="17" bec="0" bev="0" fileid="6" />
                <SequencePoint vc="2" uspid="223" ordinal="0" offset="213" sl="239" sc="25" el="239" ec="25" bec="0" bev="0" fileid="6" />
                <SequencePoint vc="2" uspid="224" ordinal="0" offset="246" sl="240" sc="25" el="240" ec="25" bec="0" bev="0" fileid="6" />
                <SequencePoint vc="2" uspid="225" ordinal="0" offset="279" sl="241" sc="25" el="241" ec="25" bec="0" bev="0" fileid="6" />
                <SequencePoint vc="2" uspid="226" ordinal="0" offset="312" sl="242" sc="25" el="242" ec="25" bec="0" bev="0" fileid="6" />
                <SequencePoint vc="2" uspid="227" ordinal="0" offset="317" sl="244" sc="25" el="244" ec="25" bec="0" bev="0" fileid="6" />
                <SequencePoint vc="2" uspid="228" ordinal="0" offset="360" sl="246" sc="29" el="246" ec="29" bec="0" bev="0" fileid="6" />
                <SequencePoint vc="7" uspid="229" ordinal="0" offset="365" sl="248" sc="29" el="248" ec="29" bec="0" bev="0" fileid="6" />
                <SequencePoint vc="7" uspid="230" ordinal="0" offset="459" sl="246" sc="62" el="246" ec="62" bec="0" bev="0" fileid="6" />
                <SequencePoint vc="9" uspid="231" ordinal="0" offset="465" sl="246" sc="40" el="246" ec="40" bec="0" bev="0" fileid="6" />
                <SequencePoint vc="2" uspid="232" ordinal="0" offset="476" sl="252" sc="25" el="252" ec="25" bec="0" bev="0" fileid="6" />
                <SequencePoint vc="0" uspid="233" ordinal="0" offset="478" sl="254" sc="25" el="254" ec="25" bec="0" bev="0" fileid="6" />
                <SequencePoint vc="5" uspid="234" ordinal="0" offset="484" sl="222" sc="45" el="222" ec="45" bec="0" bev="0" fileid="6" />
                <SequencePoint vc="1" uspid="235" ordinal="0" offset="512" sl="257" sc="9" el="257" ec="9" bec="0" bev="0" fileid="6" />
              </SequencePoints>
              <BranchPoints />
            </Method>
            <Method visited="true" cyclomaticComplexity="0" nPathComplexity="0" sequenceCoverage="95.5" branchCoverage="0" crapScore="0" isConstructor="false" isStatic="false" isGetter="false" isSetter="false">
              <Summary numSequencePoints="0" visitedSequencePoints="0" numBranchPoints="0" visitedBranchPoints="0" sequenceCoverage="95.5" branchCoverage="0" maxCyclomaticComplexity="0" minCyclomaticComplexity="0" maxCrapScore="0" minCrapScore="0" visitedClasses="0" numClasses="0" visitedMethods="0" numMethods="0" />
              <MetadataToken>100663323</MetadataToken>
              <Name>System.Void UnityEditor.ShaderGraph.UnitTests.KeywordTests::CanGetPermutationMapPerNode()</Name>
              <FileRef uid="6" />
              <SequencePoints>
                <SequencePoint vc="1" uspid="236" ordinal="0" offset="6" sl="262" sc="13" el="262" ec="13" bec="0" bev="0" fileid="6" />
                <SequencePoint vc="1" uspid="237" ordinal="0" offset="23" sl="263" sc="13" el="263" ec="13" bec="0" bev="0" fileid="6" />
                <SequencePoint vc="1" uspid="238" ordinal="0" offset="39" sl="265" sc="13" el="265" ec="13" bec="0" bev="0" fileid="6" />
                <SequencePoint vc="1" uspid="239" ordinal="0" offset="45" sl="266" sc="13" el="266" ec="13" bec="0" bev="0" fileid="6" />
                <SequencePoint vc="1" uspid="240" ordinal="0" offset="55" sl="267" sc="13" el="267" ec="13" bec="0" bev="0" fileid="6" />
                <SequencePoint vc="1" uspid="241" ordinal="0" offset="67" sl="268" sc="13" el="268" ec="13" bec="0" bev="0" fileid="6" />
                <SequencePoint vc="1" uspid="242" ordinal="0" offset="83" sl="270" sc="17" el="270" ec="17" bec="0" bev="0" fileid="6" />
                <SequencePoint vc="48" uspid="243" ordinal="0" offset="88" sl="272" sc="17" el="272" ec="17" bec="0" bev="0" fileid="6" />
                <SequencePoint vc="48" uspid="244" ordinal="0" offset="93" sl="273" sc="17" el="273" ec="17" bec="0" bev="0" fileid="6" />
                <SequencePoint vc="48" uspid="245" ordinal="0" offset="120" sl="275" sc="54" el="275" ec="54" bec="0" bev="0" fileid="6" />
                <SequencePoint vc="168" uspid="246" ordinal="0" offset="129" sl="275" sc="25" el="275" ec="25" bec="0" bev="0" fileid="6" />
                <SequencePoint vc="168" uspid="247" ordinal="0" offset="138" sl="277" sc="21" el="277" ec="21" bec="0" bev="0" fileid="6" />
                <SequencePoint vc="168" uspid="248" ordinal="0" offset="148" sl="279" sc="21" el="279" ec="21" bec="0" bev="0" fileid="6" />
                <SequencePoint vc="6" uspid="249" ordinal="0" offset="154" sl="280" sc="25" el="280" ec="25" bec="0" bev="0" fileid="6" />
                <SequencePoint vc="168" uspid="250" ordinal="0" offset="163" sl="281" sc="21" el="281" ec="21" bec="0" bev="0" fileid="6" />
                <SequencePoint vc="216" uspid="251" ordinal="0" offset="174" sl="275" sc="51" el="275" ec="51" bec="0" bev="0" fileid="6" />
                <SequencePoint vc="48" uspid="252" ordinal="0" offset="199" sl="270" sc="64" el="270" ec="64" bec="0" bev="0" fileid="6" />
                <SequencePoint vc="49" uspid="253" ordinal="0" offset="205" sl="270" sc="28" el="270" ec="28" bec="0" bev="0" fileid="6" />
                <SequencePoint vc="1" uspid="254" ordinal="0" offset="228" sl="285" sc="13" el="285" ec="13" bec="0" bev="0" fileid="6" />
                <SequencePoint vc="1" uspid="255" ordinal="0" offset="286" sl="286" sc="13" el="286" ec="13" bec="0" bev="0" fileid="6" />
                <SequencePoint vc="1" uspid="256" ordinal="0" offset="344" sl="287" sc="13" el="287" ec="13" bec="0" bev="0" fileid="6" />
                <SequencePoint vc="1" uspid="257" ordinal="0" offset="402" sl="288" sc="13" el="288" ec="13" bec="0" bev="0" fileid="6" />
                <SequencePoint vc="1" uspid="258" ordinal="0" offset="460" sl="289" sc="13" el="289" ec="13" bec="0" bev="0" fileid="6" />
                <SequencePoint vc="0" uspid="259" ordinal="0" offset="492" sl="291" sc="17" el="291" ec="17" bec="0" bev="0" fileid="6" />
                <SequencePoint vc="1" uspid="260" ordinal="0" offset="502" sl="294" sc="13" el="294" ec="13" bec="0" bev="0" fileid="6" />
                <SequencePoint vc="1" uspid="261" ordinal="0" offset="518" sl="295" sc="13" el="295" ec="13" bec="0" bev="0" fileid="6" />
                <SequencePoint vc="1" uspid="262" ordinal="0" offset="543" sl="296" sc="13" el="296" ec="13" bec="0" bev="0" fileid="6" />
                <SequencePoint vc="1" uspid="263" ordinal="0" offset="568" sl="297" sc="13" el="297" ec="13" bec="0" bev="0" fileid="6" />
                <SequencePoint vc="1" uspid="264" ordinal="0" offset="593" sl="298" sc="13" el="298" ec="13" bec="0" bev="0" fileid="6" />
                <SequencePoint vc="1" uspid="265" ordinal="0" offset="617" sl="299" sc="13" el="299" ec="13" bec="0" bev="0" fileid="6" />
                <SequencePoint vc="0" uspid="266" ordinal="0" offset="633" sl="301" sc="17" el="301" ec="17" bec="0" bev="0" fileid="6" />
                <SequencePoint vc="1" uspid="267" ordinal="0" offset="643" sl="304" sc="13" el="304" ec="13" bec="0" bev="0" fileid="6" />
                <SequencePoint vc="1" uspid="268" ordinal="0" offset="653" sl="305" sc="13" el="305" ec="13" bec="0" bev="0" fileid="6" />
                <SequencePoint vc="1" uspid="269" ordinal="0" offset="659" sl="306" sc="13" el="306" ec="13" bec="0" bev="0" fileid="6" />
                <SequencePoint vc="1" uspid="270" ordinal="0" offset="693" sl="308" sc="13" el="308" ec="13" bec="0" bev="0" fileid="6" />
                <SequencePoint vc="1" uspid="271" ordinal="0" offset="703" sl="309" sc="13" el="309" ec="13" bec="0" bev="0" fileid="6" />
                <SequencePoint vc="1" uspid="272" ordinal="0" offset="709" sl="310" sc="13" el="310" ec="13" bec="0" bev="0" fileid="6" />
                <SequencePoint vc="1" uspid="273" ordinal="0" offset="743" sl="312" sc="13" el="312" ec="13" bec="0" bev="0" fileid="6" />
                <SequencePoint vc="1" uspid="274" ordinal="0" offset="753" sl="313" sc="13" el="313" ec="13" bec="0" bev="0" fileid="6" />
                <SequencePoint vc="1" uspid="275" ordinal="0" offset="759" sl="314" sc="13" el="314" ec="13" bec="0" bev="0" fileid="6" />
                <SequencePoint vc="1" uspid="276" ordinal="0" offset="793" sl="316" sc="13" el="316" ec="13" bec="0" bev="0" fileid="6" />
                <SequencePoint vc="1" uspid="277" ordinal="0" offset="803" sl="317" sc="13" el="317" ec="13" bec="0" bev="0" fileid="6" />
                <SequencePoint vc="1" uspid="278" ordinal="0" offset="809" sl="318" sc="13" el="318" ec="13" bec="0" bev="0" fileid="6" />
                <SequencePoint vc="1" uspid="279" ordinal="0" offset="843" sl="319" sc="9" el="319" ec="9" bec="0" bev="0" fileid="6" />
              </SequencePoints>
              <BranchPoints />
            </Method>
            <Method visited="true" cyclomaticComplexity="0" nPathComplexity="0" sequenceCoverage="100.0" branchCoverage="0" crapScore="0" isConstructor="true" isStatic="false" isGetter="false" isSetter="false">
              <Summary numSequencePoints="0" visitedSequencePoints="0" numBranchPoints="0" visitedBranchPoints="0" sequenceCoverage="100.0" branchCoverage="0" maxCyclomaticComplexity="0" minCyclomaticComplexity="0" maxCrapScore="0" minCrapScore="0" visitedClasses="0" numClasses="0" visitedMethods="0" numMethods="0" />
              <MetadataToken>100663324</MetadataToken>
              <Name>UnityEditor.ShaderGraph.UnitTests.KeywordTests::KeywordTests()</Name>
              <FileRef uid="6" />
              <SequencePoints>
                <SequencePoint vc="1" uspid="280" ordinal="0" offset="0" sl="129" sc="9" el="129" ec="9" bec="0" bev="0" fileid="6" />
              </SequencePoints>
              <BranchPoints />
            </Method>
            <Method visited="true" cyclomaticComplexity="0" nPathComplexity="0" sequenceCoverage="100.0" branchCoverage="0" crapScore="0" isConstructor="true" isStatic="true" isGetter="false" isSetter="false">
              <Summary numSequencePoints="0" visitedSequencePoints="0" numBranchPoints="0" visitedBranchPoints="0" sequenceCoverage="100.0" branchCoverage="0" maxCyclomaticComplexity="0" minCyclomaticComplexity="0" maxCrapScore="0" minCrapScore="0" visitedClasses="0" numClasses="0" visitedMethods="0" numMethods="0" />
              <MetadataToken>100663325</MetadataToken>
              <Name>static UnityEditor.ShaderGraph.UnitTests.KeywordTests::KeywordTests()</Name>
              <FileRef uid="6" />
              <SequencePoints>
                <SequencePoint vc="1" uspid="281" ordinal="0" offset="0" sl="25" sc="9" el="25" ec="9" bec="0" bev="0" fileid="6" />
                <SequencePoint vc="1" uspid="282" ordinal="0" offset="10" sl="124" sc="9" el="124" ec="9" bec="0" bev="0" fileid="6" />
              </SequencePoints>
              <BranchPoints />
            </Method>
          </Methods>
        </Class>
        <Class>
          <Summary numSequencePoints="0" visitedSequencePoints="0" numBranchPoints="0" visitedBranchPoints="0" sequenceCoverage="0" branchCoverage="0" maxCyclomaticComplexity="0" minCyclomaticComplexity="0" maxCrapScore="0" minCrapScore="0" visitedClasses="0" numClasses="0" visitedMethods="0" numMethods="0" />
          <FullName>UnityEditor.ShaderGraph.UnitTests.PrecisionTests</FullName>
          <Methods>
            <Method visited="true" cyclomaticComplexity="0" nPathComplexity="0" sequenceCoverage="100.0" branchCoverage="0" crapScore="0" isConstructor="false" isStatic="false" isGetter="false" isSetter="false">
              <Summary numSequencePoints="0" visitedSequencePoints="0" numBranchPoints="0" visitedBranchPoints="0" sequenceCoverage="100.0" branchCoverage="0" maxCyclomaticComplexity="0" minCyclomaticComplexity="0" maxCrapScore="0" minCrapScore="0" visitedClasses="0" numClasses="0" visitedMethods="0" numMethods="0" />
              <MetadataToken>100663326</MetadataToken>
              <Name>System.Void UnityEditor.ShaderGraph.UnitTests.PrecisionTests::LoadGraph()</Name>
              <FileRef uid="7" />
              <SequencePoints>
                <SequencePoint vc="1" uspid="283" ordinal="0" offset="0" sl="22" sc="13" el="22" ec="13" bec="0" bev="0" fileid="7" />
                <SequencePoint vc="1" uspid="284" ordinal="0" offset="6" sl="23" sc="13" el="23" ec="13" bec="0" bev="0" fileid="7" />
                <SequencePoint vc="1" uspid="285" ordinal="0" offset="26" sl="24" sc="13" el="24" ec="13" bec="0" bev="0" fileid="7" />
                <SequencePoint vc="1" uspid="286" ordinal="0" offset="57" sl="26" sc="13" el="26" ec="13" bec="0" bev="0" fileid="7" />
                <SequencePoint vc="1" uspid="287" ordinal="0" offset="74" sl="27" sc="13" el="27" ec="13" bec="0" bev="0" fileid="7" />
                <SequencePoint vc="1" uspid="288" ordinal="0" offset="121" sl="28" sc="41" el="28" ec="41" bec="0" bev="0" fileid="7" />
                <SequencePoint vc="10" uspid="289" ordinal="0" offset="137" sl="28" sc="21" el="28" ec="21" bec="0" bev="0" fileid="7" />
                <SequencePoint vc="10" uspid="290" ordinal="0" offset="151" sl="30" sc="17" el="30" ec="17" bec="0" bev="0" fileid="7" />
                <SequencePoint vc="10" uspid="291" ordinal="0" offset="187" sl="31" sc="17" el="31" ec="17" bec="0" bev="0" fileid="7" />
                <SequencePoint vc="10" uspid="292" ordinal="0" offset="230" sl="32" sc="17" el="32" ec="17" bec="0" bev="0" fileid="7" />
                <SequencePoint vc="11" uspid="293" ordinal="0" offset="255" sl="28" sc="38" el="28" ec="38" bec="0" bev="0" fileid="7" />
                <SequencePoint vc="1" uspid="294" ordinal="0" offset="283" sl="34" sc="9" el="34" ec="9" bec="0" bev="0" fileid="7" />
              </SequencePoints>
              <BranchPoints />
            </Method>
            <Method visited="true" cyclomaticComplexity="0" nPathComplexity="0" sequenceCoverage="83.3" branchCoverage="0" crapScore="0" isConstructor="false" isStatic="false" isGetter="false" isSetter="false">
              <Summary numSequencePoints="0" visitedSequencePoints="0" numBranchPoints="0" visitedBranchPoints="0" sequenceCoverage="83.3" branchCoverage="0" maxCyclomaticComplexity="0" minCyclomaticComplexity="0" maxCrapScore="0" minCrapScore="0" visitedClasses="0" numClasses="0" visitedMethods="0" numMethods="0" />
              <MetadataToken>100663327</MetadataToken>
              <Name>System.Void UnityEditor.ShaderGraph.UnitTests.PrecisionTests::CanSetNodeToFloat()</Name>
              <FileRef uid="7" />
              <SequencePoints>
                <SequencePoint vc="1" uspid="295" ordinal="0" offset="0" sl="39" sc="13" el="39" ec="13" bec="0" bev="0" fileid="7" />
                <SequencePoint vc="1" uspid="296" ordinal="0" offset="11" sl="41" sc="13" el="41" ec="13" bec="0" bev="0" fileid="7" />
                <SequencePoint vc="1" uspid="297" ordinal="0" offset="22" sl="43" sc="13" el="43" ec="13" bec="0" bev="0" fileid="7" />
                <SequencePoint vc="0" uspid="298" ordinal="0" offset="38" sl="44" sc="17" el="44" ec="17" bec="0" bev="0" fileid="7" />
                <SequencePoint vc="1" uspid="299" ordinal="0" offset="55" sl="46" sc="13" el="46" ec="13" bec="0" bev="0" fileid="7" />
                <SequencePoint vc="1" uspid="300" ordinal="0" offset="77" sl="47" sc="9" el="47" ec="9" bec="0" bev="0" fileid="7" />
              </SequencePoints>
              <BranchPoints />
            </Method>
            <Method visited="true" cyclomaticComplexity="0" nPathComplexity="0" sequenceCoverage="83.3" branchCoverage="0" crapScore="0" isConstructor="false" isStatic="false" isGetter="false" isSetter="false">
              <Summary numSequencePoints="0" visitedSequencePoints="0" numBranchPoints="0" visitedBranchPoints="0" sequenceCoverage="83.3" branchCoverage="0" maxCyclomaticComplexity="0" minCyclomaticComplexity="0" maxCrapScore="0" minCrapScore="0" visitedClasses="0" numClasses="0" visitedMethods="0" numMethods="0" />
              <MetadataToken>100663328</MetadataToken>
              <Name>System.Void UnityEditor.ShaderGraph.UnitTests.PrecisionTests::CanSetNodeToHalf()</Name>
              <FileRef uid="7" />
              <SequencePoints>
                <SequencePoint vc="1" uspid="301" ordinal="0" offset="0" sl="52" sc="13" el="52" ec="13" bec="0" bev="0" fileid="7" />
                <SequencePoint vc="1" uspid="302" ordinal="0" offset="11" sl="54" sc="13" el="54" ec="13" bec="0" bev="0" fileid="7" />
                <SequencePoint vc="1" uspid="303" ordinal="0" offset="22" sl="56" sc="13" el="56" ec="13" bec="0" bev="0" fileid="7" />
                <SequencePoint vc="0" uspid="304" ordinal="0" offset="38" sl="57" sc="17" el="57" ec="17" bec="0" bev="0" fileid="7" />
                <SequencePoint vc="1" uspid="305" ordinal="0" offset="55" sl="59" sc="13" el="59" ec="13" bec="0" bev="0" fileid="7" />
                <SequencePoint vc="1" uspid="306" ordinal="0" offset="77" sl="60" sc="9" el="60" ec="9" bec="0" bev="0" fileid="7" />
              </SequencePoints>
              <BranchPoints />
            </Method>
            <Method visited="true" cyclomaticComplexity="0" nPathComplexity="0" sequenceCoverage="83.3" branchCoverage="0" crapScore="0" isConstructor="false" isStatic="false" isGetter="false" isSetter="false">
              <Summary numSequencePoints="0" visitedSequencePoints="0" numBranchPoints="0" visitedBranchPoints="0" sequenceCoverage="83.3" branchCoverage="0" maxCyclomaticComplexity="0" minCyclomaticComplexity="0" maxCrapScore="0" minCrapScore="0" visitedClasses="0" numClasses="0" visitedMethods="0" numMethods="0" />
              <MetadataToken>100663329</MetadataToken>
              <Name>System.Void UnityEditor.ShaderGraph.UnitTests.PrecisionTests::CanCastToFloat()</Name>
              <FileRef uid="7" />
              <SequencePoints>
                <SequencePoint vc="1" uspid="307" ordinal="0" offset="0" sl="65" sc="13" el="65" ec="13" bec="0" bev="0" fileid="7" />
                <SequencePoint vc="1" uspid="308" ordinal="0" offset="11" sl="67" sc="13" el="67" ec="13" bec="0" bev="0" fileid="7" />
                <SequencePoint vc="1" uspid="309" ordinal="0" offset="22" sl="69" sc="13" el="69" ec="13" bec="0" bev="0" fileid="7" />
                <SequencePoint vc="0" uspid="310" ordinal="0" offset="38" sl="70" sc="17" el="70" ec="17" bec="0" bev="0" fileid="7" />
                <SequencePoint vc="1" uspid="311" ordinal="0" offset="55" sl="72" sc="13" el="72" ec="13" bec="0" bev="0" fileid="7" />
                <SequencePoint vc="1" uspid="312" ordinal="0" offset="77" sl="73" sc="9" el="73" ec="9" bec="0" bev="0" fileid="7" />
              </SequencePoints>
              <BranchPoints />
            </Method>
            <Method visited="true" cyclomaticComplexity="0" nPathComplexity="0" sequenceCoverage="83.3" branchCoverage="0" crapScore="0" isConstructor="false" isStatic="false" isGetter="false" isSetter="false">
              <Summary numSequencePoints="0" visitedSequencePoints="0" numBranchPoints="0" visitedBranchPoints="0" sequenceCoverage="83.3" branchCoverage="0" maxCyclomaticComplexity="0" minCyclomaticComplexity="0" maxCrapScore="0" minCrapScore="0" visitedClasses="0" numClasses="0" visitedMethods="0" numMethods="0" />
              <MetadataToken>100663330</MetadataToken>
              <Name>System.Void UnityEditor.ShaderGraph.UnitTests.PrecisionTests::CanCastToHalf()</Name>
              <FileRef uid="7" />
              <SequencePoints>
                <SequencePoint vc="1" uspid="313" ordinal="0" offset="0" sl="78" sc="13" el="78" ec="13" bec="0" bev="0" fileid="7" />
                <SequencePoint vc="1" uspid="314" ordinal="0" offset="11" sl="80" sc="13" el="80" ec="13" bec="0" bev="0" fileid="7" />
                <SequencePoint vc="1" uspid="315" ordinal="0" offset="22" sl="82" sc="13" el="82" ec="13" bec="0" bev="0" fileid="7" />
                <SequencePoint vc="0" uspid="316" ordinal="0" offset="38" sl="83" sc="17" el="83" ec="17" bec="0" bev="0" fileid="7" />
                <SequencePoint vc="1" uspid="317" ordinal="0" offset="55" sl="85" sc="13" el="85" ec="13" bec="0" bev="0" fileid="7" />
                <SequencePoint vc="1" uspid="318" ordinal="0" offset="77" sl="86" sc="9" el="86" ec="9" bec="0" bev="0" fileid="7" />
              </SequencePoints>
              <BranchPoints />
            </Method>
            <Method visited="true" cyclomaticComplexity="0" nPathComplexity="0" sequenceCoverage="83.3" branchCoverage="0" crapScore="0" isConstructor="false" isStatic="false" isGetter="false" isSetter="false">
              <Summary numSequencePoints="0" visitedSequencePoints="0" numBranchPoints="0" visitedBranchPoints="0" sequenceCoverage="83.3" branchCoverage="0" maxCyclomaticComplexity="0" minCyclomaticComplexity="0" maxCrapScore="0" minCrapScore="0" visitedClasses="0" numClasses="0" visitedMethods="0" numMethods="0" />
              <MetadataToken>100663331</MetadataToken>
              <Name>System.Void UnityEditor.ShaderGraph.UnitTests.PrecisionTests::CanSetPropToFloat()</Name>
              <FileRef uid="7" />
              <SequencePoints>
                <SequencePoint vc="1" uspid="319" ordinal="0" offset="0" sl="91" sc="13" el="91" ec="13" bec="0" bev="0" fileid="7" />
                <SequencePoint vc="1" uspid="320" ordinal="0" offset="11" sl="93" sc="13" el="93" ec="13" bec="0" bev="0" fileid="7" />
                <SequencePoint vc="1" uspid="321" ordinal="0" offset="22" sl="95" sc="13" el="95" ec="13" bec="0" bev="0" fileid="7" />
                <SequencePoint vc="0" uspid="322" ordinal="0" offset="38" sl="96" sc="17" el="96" ec="17" bec="0" bev="0" fileid="7" />
                <SequencePoint vc="1" uspid="323" ordinal="0" offset="55" sl="98" sc="13" el="98" ec="13" bec="0" bev="0" fileid="7" />
                <SequencePoint vc="1" uspid="324" ordinal="0" offset="77" sl="99" sc="9" el="99" ec="9" bec="0" bev="0" fileid="7" />
              </SequencePoints>
              <BranchPoints />
            </Method>
            <Method visited="true" cyclomaticComplexity="0" nPathComplexity="0" sequenceCoverage="83.3" branchCoverage="0" crapScore="0" isConstructor="false" isStatic="false" isGetter="false" isSetter="false">
              <Summary numSequencePoints="0" visitedSequencePoints="0" numBranchPoints="0" visitedBranchPoints="0" sequenceCoverage="83.3" branchCoverage="0" maxCyclomaticComplexity="0" minCyclomaticComplexity="0" maxCrapScore="0" minCrapScore="0" visitedClasses="0" numClasses="0" visitedMethods="0" numMethods="0" />
              <MetadataToken>100663332</MetadataToken>
              <Name>System.Void UnityEditor.ShaderGraph.UnitTests.PrecisionTests::CanSetPropToHalf()</Name>
              <FileRef uid="7" />
              <SequencePoints>
                <SequencePoint vc="1" uspid="325" ordinal="0" offset="0" sl="104" sc="13" el="104" ec="13" bec="0" bev="0" fileid="7" />
                <SequencePoint vc="1" uspid="326" ordinal="0" offset="11" sl="106" sc="13" el="106" ec="13" bec="0" bev="0" fileid="7" />
                <SequencePoint vc="1" uspid="327" ordinal="0" offset="22" sl="108" sc="13" el="108" ec="13" bec="0" bev="0" fileid="7" />
                <SequencePoint vc="0" uspid="328" ordinal="0" offset="38" sl="109" sc="17" el="109" ec="17" bec="0" bev="0" fileid="7" />
                <SequencePoint vc="1" uspid="329" ordinal="0" offset="55" sl="111" sc="13" el="111" ec="13" bec="0" bev="0" fileid="7" />
                <SequencePoint vc="1" uspid="330" ordinal="0" offset="77" sl="112" sc="9" el="112" ec="9" bec="0" bev="0" fileid="7" />
              </SequencePoints>
              <BranchPoints />
            </Method>
            <Method visited="true" cyclomaticComplexity="0" nPathComplexity="0" sequenceCoverage="83.3" branchCoverage="0" crapScore="0" isConstructor="false" isStatic="false" isGetter="false" isSetter="false">
              <Summary numSequencePoints="0" visitedSequencePoints="0" numBranchPoints="0" visitedBranchPoints="0" sequenceCoverage="83.3" branchCoverage="0" maxCyclomaticComplexity="0" minCyclomaticComplexity="0" maxCrapScore="0" minCrapScore="0" visitedClasses="0" numClasses="0" visitedMethods="0" numMethods="0" />
              <MetadataToken>100663333</MetadataToken>
              <Name>System.Void UnityEditor.ShaderGraph.UnitTests.PrecisionTests::CanInheritPropFromGraph()</Name>
              <FileRef uid="7" />
              <SequencePoints>
                <SequencePoint vc="1" uspid="331" ordinal="0" offset="0" sl="117" sc="13" el="117" ec="13" bec="0" bev="0" fileid="7" />
                <SequencePoint vc="1" uspid="332" ordinal="0" offset="11" sl="119" sc="13" el="119" ec="13" bec="0" bev="0" fileid="7" />
                <SequencePoint vc="1" uspid="333" ordinal="0" offset="22" sl="121" sc="13" el="121" ec="13" bec="0" bev="0" fileid="7" />
                <SequencePoint vc="0" uspid="334" ordinal="0" offset="38" sl="122" sc="17" el="122" ec="17" bec="0" bev="0" fileid="7" />
                <SequencePoint vc="1" uspid="335" ordinal="0" offset="55" sl="124" sc="13" el="124" ec="13" bec="0" bev="0" fileid="7" />
                <SequencePoint vc="1" uspid="336" ordinal="0" offset="77" sl="125" sc="9" el="125" ec="9" bec="0" bev="0" fileid="7" />
              </SequencePoints>
              <BranchPoints />
            </Method>
            <Method visited="true" cyclomaticComplexity="0" nPathComplexity="0" sequenceCoverage="83.3" branchCoverage="0" crapScore="0" isConstructor="false" isStatic="false" isGetter="false" isSetter="false">
              <Summary numSequencePoints="0" visitedSequencePoints="0" numBranchPoints="0" visitedBranchPoints="0" sequenceCoverage="83.3" branchCoverage="0" maxCyclomaticComplexity="0" minCyclomaticComplexity="0" maxCrapScore="0" minCrapScore="0" visitedClasses="0" numClasses="0" visitedMethods="0" numMethods="0" />
              <MetadataToken>100663334</MetadataToken>
              <Name>System.Void UnityEditor.ShaderGraph.UnitTests.PrecisionTests::CanDefaultNodeToGraph()</Name>
              <FileRef uid="7" />
              <SequencePoints>
                <SequencePoint vc="1" uspid="337" ordinal="0" offset="0" sl="130" sc="13" el="130" ec="13" bec="0" bev="0" fileid="7" />
                <SequencePoint vc="1" uspid="338" ordinal="0" offset="11" sl="132" sc="13" el="132" ec="13" bec="0" bev="0" fileid="7" />
                <SequencePoint vc="1" uspid="339" ordinal="0" offset="22" sl="134" sc="13" el="134" ec="13" bec="0" bev="0" fileid="7" />
[...]
              <MetadataToken>100663363</MetadataToken>
              <Name>System.Boolean UnityEditor.ShaderGraph.UnitTests.KeywordTests/&lt;&gt;c__DisplayClass13_0::&lt;KeywordNodesHaveCorrectPorts&gt;b__0(UnityEditor.ShaderGraph.ShaderKeyword)</Name>
              <FileRef uid="6" />
              <SequencePoints>
                <SequencePoint vc="10" uspid="372" ordinal="0" offset="0" sl="224" sc="69" el="224" ec="69" bec="0" bev="0" fileid="6" />
              </SequencePoints>
              <BranchPoints />
            </Method>
          </Methods>
        </Class>
        <Class>
          <Summary numSequencePoints="0" visitedSequencePoints="0" numBranchPoints="0" visitedBranchPoints="0" sequenceCoverage="0" branchCoverage="0" maxCyclomaticComplexity="0" minCyclomaticComplexity="0" maxCrapScore="0" minCrapScore="0" visitedClasses="0" numClasses="0" visitedMethods="0" numMethods="0" />
          <FullName>UnityEditor.ShaderGraph.UnitTests.KeywordTests/&lt;&gt;c</FullName>
          <Methods>
            <Method visited="false" cyclomaticComplexity="0" nPathComplexity="0" sequenceCoverage="0.0" branchCoverage="0" crapScore="0" isConstructor="false" isStatic="false" isGetter="false" isSetter="false">
              <Summary numSequencePoints="0" visitedSequencePoints="0" numBranchPoints="0" visitedBranchPoints="0" sequenceCoverage="0.0" branchCoverage="0" maxCyclomaticComplexity="0" minCyclomaticComplexity="0" maxCrapScore="0" minCrapScore="0" visitedClasses="0" numClasses="0" visitedMethods="0" numMethods="0" />
              <MetadataToken>100663366</MetadataToken>
              <Name>System.Int32 UnityEditor.ShaderGraph.UnitTests.KeywordTests/&lt;&gt;c::&lt;KeywordNodesHaveCorrectPorts&gt;b__13_1(UnityEditor.ShaderGraph.MaterialSlot)</Name>
              <FileRef uid="6" />
              <SequencePoints>
                <SequencePoint vc="0" uspid="373" ordinal="0" offset="0" sl="233" sc="0" el="233" ec="0" bec="0" bev="0" fileid="6" />
              </SequencePoints>
              <BranchPoints />
            </Method>
            <Method visited="true" cyclomaticComplexity="0" nPathComplexity="0" sequenceCoverage="100.0" branchCoverage="0" crapScore="0" isConstructor="false" isStatic="false" isGetter="false" isSetter="false">
              <Summary numSequencePoints="0" visitedSequencePoints="0" numBranchPoints="0" visitedBranchPoints="0" sequenceCoverage="100.0" branchCoverage="0" maxCyclomaticComplexity="0" minCyclomaticComplexity="0" maxCrapScore="0" minCrapScore="0" visitedClasses="0" numClasses="0" visitedMethods="0" numMethods="0" />
              <MetadataToken>100663367</MetadataToken>
              <Name>System.Boolean UnityEditor.ShaderGraph.UnitTests.KeywordTests/&lt;&gt;c::&lt;CanGetPermutationMapPerNode&gt;b__14_0(UnityEditor.ShaderGraph.ShaderKeyword)</Name>
              <FileRef uid="6" />
              <SequencePoints>
                <SequencePoint vc="1" uspid="374" ordinal="0" offset="0" sl="285" sc="77" el="285" ec="77" bec="0" bev="0" fileid="6" />
              </SequencePoints>
              <BranchPoints />
            </Method>
            <Method visited="true" cyclomaticComplexity="0" nPathComplexity="0" sequenceCoverage="100.0" branchCoverage="0" crapScore="0" isConstructor="false" isStatic="false" isGetter="false" isSetter="false">
              <Summary numSequencePoints="0" visitedSequencePoints="0" numBranchPoints="0" visitedBranchPoints="0" sequenceCoverage="100.0" branchCoverage="0" maxCyclomaticComplexity="0" minCyclomaticComplexity="0" maxCrapScore="0" minCrapScore="0" visitedClasses="0" numClasses="0" visitedMethods="0" numMethods="0" />
              <MetadataToken>100663368</MetadataToken>
              <Name>System.Boolean UnityEditor.ShaderGraph.UnitTests.KeywordTests/&lt;&gt;c::&lt;CanGetPermutationMapPerNode&gt;b__14_1(UnityEditor.ShaderGraph.ShaderKeyword)</Name>
              <FileRef uid="6" />
              <SequencePoints>
                <SequencePoint vc="2" uspid="375" ordinal="0" offset="0" sl="286" sc="77" el="286" ec="77" bec="0" bev="0" fileid="6" />
              </SequencePoints>
              <BranchPoints />
            </Method>
            <Method visited="true" cyclomaticComplexity="0" nPathComplexity="0" sequenceCoverage="100.0" branchCoverage="0" crapScore="0" isConstructor="false" isStatic="false" isGetter="false" isSetter="false">
              <Summary numSequencePoints="0" visitedSequencePoints="0" numBranchPoints="0" visitedBranchPoints="0" sequenceCoverage="100.0" branchCoverage="0" maxCyclomaticComplexity="0" minCyclomaticComplexity="0" maxCrapScore="0" minCrapScore="0" visitedClasses="0" numClasses="0" visitedMethods="0" numMethods="0" />
              <MetadataToken>100663369</MetadataToken>
              <Name>System.Boolean UnityEditor.ShaderGraph.UnitTests.KeywordTests/&lt;&gt;c::&lt;CanGetPermutationMapPerNode&gt;b__14_2(UnityEditor.ShaderGraph.ShaderKeyword)</Name>
              <FileRef uid="6" />
              <SequencePoints>
                <SequencePoint vc="3" uspid="376" ordinal="0" offset="0" sl="287" sc="74" el="287" ec="74" bec="0" bev="0" fileid="6" />
              </SequencePoints>
              <BranchPoints />
            </Method>
            <Method visited="true" cyclomaticComplexity="0" nPathComplexity="0" sequenceCoverage="100.0" branchCoverage="0" crapScore="0" isConstructor="false" isStatic="false" isGetter="false" isSetter="false">
              <Summary numSequencePoints="0" visitedSequencePoints="0" numBranchPoints="0" visitedBranchPoints="0" sequenceCoverage="100.0" branchCoverage="0" maxCyclomaticComplexity="0" minCyclomaticComplexity="0" maxCrapScore="0" minCrapScore="0" visitedClasses="0" numClasses="0" visitedMethods="0" numMethods="0" />
              <MetadataToken>100663370</MetadataToken>
              <Name>System.Boolean UnityEditor.ShaderGraph.UnitTests.KeywordTests/&lt;&gt;c::&lt;CanGetPermutationMapPerNode&gt;b__14_3(UnityEditor.ShaderGraph.ShaderKeyword)</Name>
              <FileRef uid="6" />
              <SequencePoints>
                <SequencePoint vc="4" uspid="377" ordinal="0" offset="0" sl="288" sc="74" el="288" ec="74" bec="0" bev="0" fileid="6" />
              </SequencePoints>
              <BranchPoints />
            </Method>
          </Methods>
        </Class>
        <Class>
          <Summary numSequencePoints="0" visitedSequencePoints="0" numBranchPoints="0" visitedBranchPoints="0" sequenceCoverage="0" branchCoverage="0" maxCyclomaticComplexity="0" minCyclomaticComplexity="0" maxCrapScore="0" minCrapScore="0" visitedClasses="0" numClasses="0" visitedMethods="0" numMethods="0" />
          <FullName>UnityEditor.ShaderGraph.UnitTests.KeywordTests/&lt;&gt;c__DisplayClass14_0</FullName>
          <Methods>
            <Method visited="true" cyclomaticComplexity="0" nPathComplexity="0" sequenceCoverage="100.0" branchCoverage="0" crapScore="0" isConstructor="false" isStatic="false" isGetter="false" isSetter="false">
              <Summary numSequencePoints="0" visitedSequencePoints="0" numBranchPoints="0" visitedBranchPoints="0" sequenceCoverage="100.0" branchCoverage="0" maxCyclomaticComplexity="0" minCyclomaticComplexity="0" maxCrapScore="0" minCrapScore="0" visitedClasses="0" numClasses="0" visitedMethods="0" numMethods="0" />
              <MetadataToken>100663372</MetadataToken>
              <Name>System.Boolean UnityEditor.ShaderGraph.UnitTests.KeywordTests/&lt;&gt;c__DisplayClass14_0::&lt;CanGetPermutationMapPerNode&gt;b__4(UnityEditor.ShaderGraph.KeywordNode)</Name>
              <FileRef uid="6" />
              <SequencePoints>
                <SequencePoint vc="1" uspid="378" ordinal="0" offset="0" sl="295" sc="64" el="295" ec="64" bec="0" bev="0" fileid="6" />
              </SequencePoints>
              <BranchPoints />
            </Method>
            <Method visited="true" cyclomaticComplexity="0" nPathComplexity="0" sequenceCoverage="100.0" branchCoverage="0" crapScore="0" isConstructor="false" isStatic="false" isGetter="false" isSetter="false">
              <Summary numSequencePoints="0" visitedSequencePoints="0" numBranchPoints="0" visitedBranchPoints="0" sequenceCoverage="100.0" branchCoverage="0" maxCyclomaticComplexity="0" minCyclomaticComplexity="0" maxCrapScore="0" minCrapScore="0" visitedClasses="0" numClasses="0" visitedMethods="0" numMethods="0" />
              <MetadataToken>100663373</MetadataToken>
              <Name>System.Boolean UnityEditor.ShaderGraph.UnitTests.KeywordTests/&lt;&gt;c__DisplayClass14_0::&lt;CanGetPermutationMapPerNode&gt;b__5(UnityEditor.ShaderGraph.KeywordNode)</Name>
              <FileRef uid="6" />
              <SequencePoints>
                <SequencePoint vc="4" uspid="379" ordinal="0" offset="0" sl="296" sc="64" el="296" ec="64" bec="0" bev="0" fileid="6" />
              </SequencePoints>
              <BranchPoints />
            </Method>
            <Method visited="true" cyclomaticComplexity="0" nPathComplexity="0" sequenceCoverage="100.0" branchCoverage="0" crapScore="0" isConstructor="false" isStatic="false" isGetter="false" isSetter="false">
              <Summary numSequencePoints="0" visitedSequencePoints="0" numBranchPoints="0" visitedBranchPoints="0" sequenceCoverage="100.0" branchCoverage="0" maxCyclomaticComplexity="0" minCyclomaticComplexity="0" maxCrapScore="0" minCrapScore="0" visitedClasses="0" numClasses="0" visitedMethods="0" numMethods="0" />
              <MetadataToken>100663374</MetadataToken>
              <Name>System.Boolean UnityEditor.ShaderGraph.UnitTests.KeywordTests/&lt;&gt;c__DisplayClass14_0::&lt;CanGetPermutationMapPerNode&gt;b__6(UnityEditor.ShaderGraph.KeywordNode)</Name>
              <FileRef uid="6" />
              <SequencePoints>
                <SequencePoint vc="2" uspid="380" ordinal="0" offset="0" sl="297" sc="61" el="297" ec="61" bec="0" bev="0" fileid="6" />
              </SequencePoints>
              <BranchPoints />
            </Method>
            <Method visited="true" cyclomaticComplexity="0" nPathComplexity="0" sequenceCoverage="100.0" branchCoverage="0" crapScore="0" isConstructor="false" isStatic="false" isGetter="false" isSetter="false">
              <Summary numSequencePoints="0" visitedSequencePoints="0" numBranchPoints="0" visitedBranchPoints="0" sequenceCoverage="100.0" branchCoverage="0" maxCyclomaticComplexity="0" minCyclomaticComplexity="0" maxCrapScore="0" minCrapScore="0" visitedClasses="0" numClasses="0" visitedMethods="0" numMethods="0" />
              <MetadataToken>100663375</MetadataToken>
              <Name>System.Boolean UnityEditor.ShaderGraph.UnitTests.KeywordTests/&lt;&gt;c__DisplayClass14_0::&lt;CanGetPermutationMapPerNode&gt;b__7(UnityEditor.ShaderGraph.KeywordNode)</Name>
              <FileRef uid="6" />
              <SequencePoints>
                <SequencePoint vc="3" uspid="381" ordinal="0" offset="0" sl="298" sc="61" el="298" ec="61" bec="0" bev="0" fileid="6" />
              </SequencePoints>
              <BranchPoints />
            </Method>
          </Methods>
        </Class>
        <Class>
          <Summary numSequencePoints="0" visitedSequencePoints="0" numBranchPoints="0" visitedBranchPoints="0" sequenceCoverage="0" branchCoverage="0" maxCyclomaticComplexity="0" minCyclomaticComplexity="0" maxCrapScore="0" minCrapScore="0" visitedClasses="0" numClasses="0" visitedMethods="0" numMethods="0" />
          <FullName>UnityEditor.ShaderGraph.UnitTests.PrecisionTests/&lt;&gt;c__DisplayClass3_0</FullName>
          <Methods>
            <Method visited="true" cyclomaticComplexity="0" nPathComplexity="0" sequenceCoverage="100.0" branchCoverage="0" crapScore="0" isConstructor="false" isStatic="false" isGetter="false" isSetter="false">
              <Summary numSequencePoints="0" visitedSequencePoints="0" numBranchPoints="0" visitedBranchPoints="0" sequenceCoverage="100.0" branchCoverage="0" maxCyclomaticComplexity="0" minCyclomaticComplexity="0" maxCrapScore="0" minCrapScore="0" visitedClasses="0" numClasses="0" visitedMethods="0" numMethods="0" />
              <MetadataToken>100663377</MetadataToken>
              <Name>System.Boolean UnityEditor.ShaderGraph.UnitTests.PrecisionTests/&lt;&gt;c__DisplayClass3_0::&lt;LoadGraph&gt;b__0(UnityEditor.ShaderGraph.GroupData)</Name>
              <FileRef uid="7" />
              <SequencePoints>
                <SequencePoint vc="55" uspid="382" ordinal="0" offset="0" sl="30" sc="61" el="30" ec="61" bec="0" bev="0" fileid="7" />
              </SequencePoints>
              <BranchPoints />
            </Method>
          </Methods>
        </Class>
      </Classes>
    </Module>
    <Module>
      <Summary numSequencePoints="0" visitedSequencePoints="0" numBranchPoints="0" visitedBranchPoints="0" sequenceCoverage="0" branchCoverage="0" maxCyclomaticComplexity="0" minCyclomaticComplexity="0" maxCrapScore="0" minCrapScore="0" visitedClasses="0" numClasses="0" visitedMethods="0" numMethods="0" />
      <ModuleTime>0001-01-01T00:00:00</ModuleTime>
      <ModuleName>Unity.ShaderGraph.GraphicsTests</ModuleName>
      <Files>
        <File uid="8" fullPath="/Users/zacharyd/Documents/GitHub/ScriptableRenderPipeline2/TestProjects/ShaderGraph/Assets/CommonAssets/Scripts/ShaderGraphGraphicsTestSettings.cs" />
        <File uid="9" fullPath="/Users/zacharyd/Documents/GitHub/ScriptableRenderPipeline2/TestProjects/ShaderGraph/Assets/CommonAssets/Scripts/ShaderGraphGraphicsTests.cs" />
      </Files>
      <Classes>
        <Class>
          <Summary numSequencePoints="0" visitedSequencePoints="0" numBranchPoints="0" visitedBranchPoints="0" sequenceCoverage="0" branchCoverage="0" maxCyclomaticComplexity="0" minCyclomaticComplexity="0" maxCrapScore="0" minCrapScore="0" visitedClasses="0" numClasses="0" visitedMethods="0" numMethods="0" />
          <FullName>ShaderGraphGraphicsTestSettings</FullName>
          <Methods>
            <Method visited="false" cyclomaticComplexity="0" nPathComplexity="0" sequenceCoverage="0.0" branchCoverage="0" crapScore="0" isConstructor="true" isStatic="false" isGetter="false" isSetter="false">
              <Summary numSequencePoints="0" visitedSequencePoints="0" numBranchPoints="0" visitedBranchPoints="0" sequenceCoverage="0.0" branchCoverage="0" maxCyclomaticComplexity="0" minCyclomaticComplexity="0" maxCrapScore="0" minCrapScore="0" visitedClasses="0" numClasses="0" visitedMethods="0" numMethods="0" />
              <MetadataToken>100663297</MetadataToken>
              <Name>ShaderGraphGraphicsTestSettings::ShaderGraphGraphicsTestSettings()</Name>
              <FileRef uid="8" />
              <SequencePoints>
                <SequencePoint vc="0" uspid="383" ordinal="0" offset="0" sl="7" sc="0" el="7" ec="0" bec="0" bev="0" fileid="8" />
                <SequencePoint vc="0" uspid="384" ordinal="0" offset="6" sl="9" sc="0" el="9" ec="0" bec="0" bev="0" fileid="8" />
                <SequencePoint vc="0" uspid="385" ordinal="0" offset="22" sl="10" sc="0" el="10" ec="0" bec="0" bev="0" fileid="8" />
                <SequencePoint vc="0" uspid="386" ordinal="0" offset="38" sl="11" sc="0" el="11" ec="0" bec="0" bev="0" fileid="8" />
                <SequencePoint vc="0" uspid="387" ordinal="0" offset="54" sl="12" sc="0" el="12" ec="0" bec="0" bev="0" fileid="8" />
                <SequencePoint vc="0" uspid="388" ordinal="0" offset="70" sl="13" sc="0" el="13" ec="0" bec="0" bev="0" fileid="8" />
              </SequencePoints>
              <BranchPoints />
            </Method>
          </Methods>
        </Class>
        <Class>
          <Summary numSequencePoints="0" visitedSequencePoints="0" numBranchPoints="0" visitedBranchPoints="0" sequenceCoverage="0" branchCoverage="0" maxCyclomaticComplexity="0" minCyclomaticComplexity="0" maxCrapScore="0" minCrapScore="0" visitedClasses="0" numClasses="0" visitedMethods="0" numMethods="0" />
          <FullName>ShaderGraphGraphicsTests</FullName>
          <Methods>
            <Method visited="false" cyclomaticComplexity="0" nPathComplexity="0" sequenceCoverage="0.0" branchCoverage="0" crapScore="0" isConstructor="false" isStatic="false" isGetter="false" isSetter="false">
              <Summary numSequencePoints="0" visitedSequencePoints="0" numBranchPoints="0" visitedBranchPoints="0" sequenceCoverage="0.0" branchCoverage="0" maxCyclomaticComplexity="0" minCyclomaticComplexity="0" maxCrapScore="0" minCrapScore="0" visitedClasses="0" numClasses="0" visitedMethods="0" numMethods="0" />
              <MetadataToken>100663299</MetadataToken>
              <Name>System.Void ShaderGraphGraphicsTests::DumpImagesInEditor()</Name>
              <FileRef uid="9" />
              <SequencePoints>
                <SequencePoint vc="0" uspid="389" ordinal="0" offset="0" sl="34" sc="0" el="34" ec="0" bec="0" bev="0" fileid="9" />
                <SequencePoint vc="0" uspid="390" ordinal="0" offset="15" sl="35" sc="0" el="35" ec="0" bec="0" bev="0" fileid="9" />
              </SequencePoints>
              <BranchPoints />
            </Method>
          </Methods>
        </Class>
        <Class>
          <Summary numSequencePoints="0" visitedSequencePoints="0" numBranchPoints="0" visitedBranchPoints="0" sequenceCoverage="0" branchCoverage="0" maxCyclomaticComplexity="0" minCyclomaticComplexity="0" maxCrapScore="0" minCrapScore="0" visitedClasses="0" numClasses="0" visitedMethods="0" numMethods="0" />
          <FullName>ShaderGraphGraphicsTests/&lt;Run&gt;d__0</FullName>
          <Methods>
            <Method visited="false" cyclomaticComplexity="0" nPathComplexity="0" sequenceCoverage="0.0" branchCoverage="0" crapScore="0" isConstructor="false" isStatic="false" isGetter="false" isSetter="false">
              <Summary numSequencePoints="0" visitedSequencePoints="0" numBranchPoints="0" visitedBranchPoints="0" sequenceCoverage="0.0" branchCoverage="0" maxCyclomaticComplexity="0" minCyclomaticComplexity="0" maxCrapScore="0" minCrapScore="0" visitedClasses="0" numClasses="0" visitedMethods="0" numMethods="0" />
              <MetadataToken>100663303</MetadataToken>
              <Name>System.Boolean ShaderGraphGraphicsTests/&lt;Run&gt;d__0::MoveNext()</Name>
              <FileRef uid="9" />
              <SequencePoints>
                <SequencePoint vc="0" uspid="391" ordinal="0" offset="34" sl="15" sc="0" el="15" ec="0" bec="0" bev="0" fileid="9" />
                <SequencePoint vc="0" uspid="392" ordinal="0" offset="50" sl="18" sc="0" el="18" ec="0" bec="0" bev="0" fileid="9" />
                <SequencePoint vc="0" uspid="393" ordinal="0" offset="73" sl="20" sc="0" el="20" ec="0" bec="0" bev="0" fileid="9" />
                <SequencePoint vc="0" uspid="394" ordinal="0" offset="94" sl="21" sc="0" el="21" ec="0" bec="0" bev="0" fileid="9" />
                <SequencePoint vc="0" uspid="395" ordinal="0" offset="105" sl="22" sc="0" el="22" ec="0" bec="0" bev="0" fileid="9" />
                <SequencePoint vc="0" uspid="396" ordinal="0" offset="126" sl="24" sc="0" el="24" ec="0" bec="0" bev="0" fileid="9" />
                <SequencePoint vc="0" uspid="397" ordinal="0" offset="135" sl="25" sc="0" el="25" ec="0" bec="0" bev="0" fileid="9" />
                <SequencePoint vc="0" uspid="398" ordinal="0" offset="158" sl="24" sc="0" el="24" ec="0" bec="0" bev="0" fileid="9" />
                <SequencePoint vc="0" uspid="399" ordinal="0" offset="174" sl="24" sc="0" el="24" ec="0" bec="0" bev="0" fileid="9" />
                <SequencePoint vc="0" uspid="400" ordinal="0" offset="193" sl="27" sc="0" el="27" ec="0" bec="0" bev="0" fileid="9" />
                <SequencePoint vc="0" uspid="401" ordinal="0" offset="226" sl="28" sc="0" el="28" ec="0" bec="0" bev="0" fileid="9" />
              </SequencePoints>
              <BranchPoints />
            </Method>
          </Methods>
        </Class>
      </Classes>
    </Module>
  </Modules>
</CoverageSession>